2018-08-21 03:00:02.685477|INFO    |ServerLibPriv |   |TeamSpeak 3 Server 3.3.0 (2018-07-31 16:10:01)
2018-08-21 03:00:02.685631|INFO    |ServerLibPriv |   |SystemInformation: Linux 2.6.32-48-pve #1 SMP Fri Dec 23 10:22:54 CET 2016 x86_64 Binary: 64bit
2018-08-21 03:00:02.685690|WARNING |ServerLibPriv |   |The system locale is set to "C" this can cause unexpected behavior. We advice you to repair your locale!
2018-08-21 03:00:02.687146|INFO    |DatabaseQuery |   |dbPlugin name:    SQLite3 plugin, Version 3, (c)TeamSpeak Systems GmbH
2018-08-21 03:00:02.687176|INFO    |DatabaseQuery |   |dbPlugin version: 3.11.1
2018-08-21 03:00:02.687474|INFO    |DatabaseQuery |   |checking database integrity (may take a while)
2018-08-21 03:00:02.835693|WARNING |Accounting    |   |Unable to open licensekey.dat, falling back to limited functionality
2018-08-21 03:00:02.835890|INFO    |Accounting    |   |Licensing Information
2018-08-21 03:00:02.835927|INFO    |Accounting    |   |licensed to       : Anonymous
2018-08-21 03:00:02.835951|INFO    |Accounting    |   |type              : No License
2018-08-21 03:00:02.835976|INFO    |Accounting    |   |starting date     : Sun Jul  1 00:00:00 2018
2018-08-21 03:00:02.835994|INFO    |Accounting    |   |ending date       : Wed Jul 31 00:00:00 2019
2018-08-21 03:00:02.836010|INFO    |Accounting    |   |max virtualservers: 1
2018-08-21 03:00:02.836025|INFO    |Accounting    |   |max slots         : 32
2018-08-21 03:00:02.882900|INFO    |              |   |myTeamSpeak identifier revocation list was downloaded successfully - all related features are activated
2018-08-21 03:00:06.081361|INFO    |              |   |Puzzle precompute time: 3128
2018-08-21 03:00:06.081851|INFO    |FileManager   |   |listening on 0.0.0.0:30033, [::]:30033
2018-08-21 03:00:06.145181|INFO    |Query         |   |listening for query on 0.0.0.0:10011, [::]:10011
2018-08-21 03:00:06.145278|INFO    |CIDRManager   |   |updated query_ip_whitelist ips: 127.0.0.1/32, 
2018-08-21 03:05:08.033845|ERROR   |              |   |TS3ANetwork::Send failed error: 111
2018-08-21 03:05:10.033847|ERROR   |              |   |TS3ANetwork::Send failed error: 111
2018-08-21 03:15:06.260461|ERROR   |              |   |TS3ANetwork::Send failed error: 111
2018-08-21 03:15:08.045093|ERROR   |              |   |TS3ANetwork::Send failed error: 111
2018-08-21 03:15:10.033848|ERROR   |              |   |TS3ANetwork::Send failed error: 111
2018-08-21 03:25:06.205403|ERROR   |              |   |TS3ANetwork::Send failed error: 111
2018-08-21 03:25:08.033804|ERROR   |              |   |TS3ANetwork::Send failed error: 111
2018-08-21 03:25:10.050951|ERROR   |              |   |TS3ANetwork::Send failed error: 111
2018-08-21 03:35:06.287705|ERROR   |              |   |TS3ANetwork::Send failed error: 111
2018-08-21 03:35:08.033939|ERROR   |              |   |TS3ANetwork::Send failed error: 111
2018-08-21 03:35:10.033821|ERROR   |              |   |TS3ANetwork::Send failed error: 111
2018-08-21 03:45:06.377681|ERROR   |              |   |TS3ANetwork::Send failed error: 111
2018-08-21 03:45:08.033882|ERROR   |              |   |TS3ANetwork::Send failed error: 111
2018-08-21 03:45:10.033770|ERROR   |              |   |TS3ANetwork::Send failed error: 111
2018-08-21 03:55:06.373018|ERROR   |              |   |TS3ANetwork::Send failed error: 111
2018-08-21 03:55:08.045040|ERROR   |              |   |TS3ANetwork::Send failed error: 111
2018-08-21 03:55:10.033815|ERROR   |              |   |TS3ANetwork::Send failed error: 111
2018-08-21 04:05:06.372579|ERROR   |              |   |TS3ANetwork::Send failed error: 111
2018-08-21 04:05:08.033876|ERROR   |              |   |TS3ANetwork::Send failed error: 111
2018-08-21 04:05:10.050203|ERROR   |              |   |TS3ANetwork::Send failed error: 111
2018-08-21 04:15:06.404396|ERROR   |              |   |TS3ANetwork::Send failed error: 111
2018-08-21 04:15:08.033851|ERROR   |              |   |TS3ANetwork::Send failed error: 111
2018-08-21 04:15:10.033807|ERROR   |              |   |TS3ANetwork::Send failed error: 111
2018-08-21 04:25:06.449442|ERROR   |              |   |TS3ANetwork::Send failed error: 111
2018-08-21 04:25:08.033928|ERROR   |              |   |TS3ANetwork::Send failed error: 111
2018-08-21 04:25:10.033791|ERROR   |              |   |TS3ANetwork::Send failed error: 111
2018-08-21 04:35:06.380410|ERROR   |              |   |TS3ANetwork::Send failed error: 111
2018-08-21 04:35:08.049951|ERROR   |              |   |TS3ANetwork::Send failed error: 111
2018-08-21 04:35:10.033817|ERROR   |              |   |TS3ANetwork::Send failed error: 111
2018-08-21 04:45:06.460308|ERROR   |              |   |TS3ANetwork::Send failed error: 111
2018-08-21 04:45:08.033788|ERROR   |              |   |TS3ANetwork::Send failed error: 111
2018-08-21 04:45:10.050194|ERROR   |              |   |TS3ANetwork::Send failed error: 111
2018-08-21 04:55:06.492508|ERROR   |              |   |TS3ANetwork::Send failed error: 111
2018-08-21 04:55:08.033881|ERROR   |              |   |TS3ANetwork::Send failed error: 111
2018-08-21 04:55:10.033772|ERROR   |              |   |TS3ANetwork::Send failed error: 111
2018-08-21 05:05:06.588429|ERROR   |              |   |TS3ANetwork::Send failed error: 111
2018-08-21 05:05:08.033806|ERROR   |              |   |TS3ANetwork::Send failed error: 111
2018-08-21 05:05:10.033792|ERROR   |              |   |TS3ANetwork::Send failed error: 111
2018-08-21 05:15:06.571582|ERROR   |              |   |TS3ANetwork::Send failed error: 111
2018-08-21 05:15:08.050366|ERROR   |              |   |TS3ANetwork::Send failed error: 111
2018-08-21 05:15:10.033807|ERROR   |              |   |TS3ANetwork::Send failed error: 111
2018-08-21 05:25:06.586243|ERROR   |              |   |TS3ANetwork::Send failed error: 111
2018-08-21 05:25:08.033755|ERROR   |              |   |TS3ANetwork::Send failed error: 111
2018-08-21 05:25:10.049641|ERROR   |              |   |TS3ANetwork::Send failed error: 111
2018-08-21 05:35:06.660027|ERROR   |              |   |TS3ANetwork::Send failed error: 111
2018-08-21 05:35:08.033875|ERROR   |              |   |TS3ANetwork::Send failed error: 111
2018-08-21 05:35:10.033834|ERROR   |              |   |TS3ANetwork::Send failed error: 111
2018-08-21 05:45:06.656590|ERROR   |              |   |TS3ANetwork::Send failed error: 111
2018-08-21 05:45:08.033752|ERROR   |              |   |TS3ANetwork::Send failed error: 111
2018-08-21 05:45:10.033828|ERROR   |              |   |TS3ANetwork::Send failed error: 111
2018-08-21 05:55:06.687307|ERROR   |              |   |TS3ANetwork::Send failed error: 111
2018-08-21 05:55:08.044912|ERROR   |              |   |TS3ANetwork::Send failed error: 111
2018-08-21 05:55:10.033836|ERROR   |              |   |TS3ANetwork::Send failed error: 111
2018-08-21 06:05:06.744051|ERROR   |              |   |TS3ANetwork::Send failed error: 111
2018-08-21 06:05:08.033889|ERROR   |              |   |TS3ANetwork::Send failed error: 111
2018-08-21 06:05:10.044745|ERROR   |              |   |TS3ANetwork::Send failed error: 111
2018-08-21 06:15:06.679406|ERROR   |              |   |TS3ANetwork::Send failed error: 111
2018-08-21 06:15:08.033836|ERROR   |              |   |TS3ANetwork::Send failed error: 111
2018-08-21 06:15:10.033849|ERROR   |              |   |TS3ANetwork::Send failed error: 111
2018-08-21 06:25:06.753728|ERROR   |              |   |TS3ANetwork::Send failed error: 111
2018-08-21 06:25:08.033849|ERROR   |              |   |TS3ANetwork::Send failed error: 111
2018-08-21 06:25:10.033771|ERROR   |              |   |TS3ANetwork::Send failed error: 111
2018-08-21 06:35:06.784432|ERROR   |              |   |TS3ANetwork::Send failed error: 111
2018-08-21 06:35:08.044804|ERROR   |              |   |TS3ANetwork::Send failed error: 111
2018-08-21 06:35:10.033855|ERROR   |              |   |TS3ANetwork::Send failed error: 111
2018-08-21 06:45:06.793082|ERROR   |              |   |TS3ANetwork::Send failed error: 111
2018-08-21 06:45:08.033765|ERROR   |              |   |TS3ANetwork::Send failed error: 111
2018-08-21 06:45:10.050108|ERROR   |              |   |TS3ANetwork::Send failed error: 111
2018-08-21 06:55:06.844005|ERROR   |              |   |TS3ANetwork::Send failed error: 111
2018-08-21 06:55:08.033861|ERROR   |              |   |TS3ANetwork::Send failed error: 111
2018-08-21 06:55:10.033847|ERROR   |              |   |TS3ANetwork::Send failed error: 111
2018-08-21 07:05:06.976834|ERROR   |              |   |TS3ANetwork::Send failed error: 111
2018-08-21 07:05:08.033866|ERROR   |              |   |TS3ANetwork::Send failed error: 111
2018-08-21 07:05:10.033844|ERROR   |              |   |TS3ANetwork::Send failed error: 111
2018-08-21 07:15:06.983430|ERROR   |              |   |TS3ANetwork::Send failed error: 111
2018-08-21 07:15:08.051071|ERROR   |              |   |TS3ANetwork::Send failed error: 111
2018-08-21 07:15:10.033805|ERROR   |              |   |TS3ANetwork::Send failed error: 111
2018-08-21 07:25:07.055748|ERROR   |              |   |TS3ANetwork::Send failed error: 111
2018-08-21 07:25:09.050494|ERROR   |              |   |TS3ANetwork::Send failed error: 111
2018-08-21 07:25:11.033767|ERROR   |              |   |TS3ANetwork::Send failed error: 111
2018-08-21 07:35:06.988238|ERROR   |              |   |TS3ANetwork::Send failed error: 111
2018-08-21 07:35:08.033859|ERROR   |              |   |TS3ANetwork::Send failed error: 111
2018-08-21 07:35:10.045110|ERROR   |              |   |TS3ANetwork::Send failed error: 111
2018-08-21 07:45:07.069768|ERROR   |              |   |TS3ANetwork::Send failed error: 111
2018-08-21 07:45:09.033925|ERROR   |              |   |TS3ANetwork::Send failed error: 111
2018-08-21 07:45:11.054994|ERROR   |              |   |TS3ANetwork::Send failed error: 111
2018-08-21 07:55:07.030886|ERROR   |              |   |TS3ANetwork::Send failed error: 111
2018-08-21 07:55:09.033842|ERROR   |              |   |TS3ANetwork::Send failed error: 111
2018-08-21 07:55:11.033766|ERROR   |              |   |TS3ANetwork::Send failed error: 111
2018-08-21 08:05:07.082691|ERROR   |              |   |TS3ANetwork::Send failed error: 111
2018-08-21 08:05:09.033846|ERROR   |              |   |TS3ANetwork::Send failed error: 111
2018-08-21 08:05:11.033845|ERROR   |              |   |TS3ANetwork::Send failed error: 111
2018-08-21 08:15:07.179409|ERROR   |              |   |TS3ANetwork::Send failed error: 111
2018-08-21 08:15:09.056196|ERROR   |              |   |TS3ANetwork::Send failed error: 111
2018-08-21 08:15:11.033855|ERROR   |              |   |TS3ANetwork::Send failed error: 111
2018-08-21 08:25:07.257503|ERROR   |              |   |TS3ANetwork::Send failed error: 111
2018-08-21 08:25:09.033834|ERROR   |              |   |TS3ANetwork::Send failed error: 111
2018-08-21 08:25:11.045030|ERROR   |              |   |TS3ANetwork::Send failed error: 111
2018-08-21 08:35:07.309409|ERROR   |              |   |TS3ANetwork::Send failed error: 111
2018-08-21 08:35:09.033794|ERROR   |              |   |TS3ANetwork::Send failed error: 111
2018-08-21 08:35:11.033845|ERROR   |              |   |TS3ANetwork::Send failed error: 111
2018-08-21 08:45:07.285112|ERROR   |              |   |TS3ANetwork::Send failed error: 111
2018-08-21 08:45:09.033863|ERROR   |              |   |TS3ANetwork::Send failed error: 111
2018-08-21 08:45:11.033829|ERROR   |              |   |TS3ANetwork::Send failed error: 111
2018-08-21 08:55:07.284619|ERROR   |              |   |TS3ANetwork::Send failed error: 111
2018-08-21 08:55:09.051253|ERROR   |              |   |TS3ANetwork::Send failed error: 111
2018-08-21 08:55:11.033816|ERROR   |              |   |TS3ANetwork::Send failed error: 111
2018-08-21 09:05:07.380307|ERROR   |              |   |TS3ANetwork::Send failed error: 111
2018-08-21 09:05:09.033963|ERROR   |              |   |TS3ANetwork::Send failed error: 111
2018-08-21 09:05:11.045006|ERROR   |              |   |TS3ANetwork::Send failed error: 111
2018-08-21 09:15:07.375824|ERROR   |              |   |TS3ANetwork::Send failed error: 111
2018-08-21 09:15:09.033827|ERROR   |              |   |TS3ANetwork::Send failed error: 111
2018-08-21 09:15:11.033884|ERROR   |              |   |TS3ANetwork::Send failed error: 111
2018-08-21 09:25:07.404400|ERROR   |              |   |TS3ANetwork::Send failed error: 111
2018-08-21 09:25:09.033851|ERROR   |              |   |TS3ANetwork::Send failed error: 111
2018-08-21 09:25:11.033795|ERROR   |              |   |TS3ANetwork::Send failed error: 111
2018-08-21 09:35:07.373938|ERROR   |              |   |TS3ANetwork::Send failed error: 111
2018-08-21 09:35:09.044913|ERROR   |              |   |TS3ANetwork::Send failed error: 111
2018-08-21 09:35:11.033854|ERROR   |              |   |TS3ANetwork::Send failed error: 111
2018-08-21 09:45:07.404745|ERROR   |              |   |TS3ANetwork::Send failed error: 111
2018-08-21 09:45:09.033758|ERROR   |              |   |TS3ANetwork::Send failed error: 111
2018-08-21 09:45:11.045081|ERROR   |              |   |TS3ANetwork::Send failed error: 111
2018-08-21 09:55:07.371356|ERROR   |              |   |TS3ANetwork::Send failed error: 111
2018-08-21 09:55:09.033770|ERROR   |              |   |TS3ANetwork::Send failed error: 111
2018-08-21 09:55:11.033880|ERROR   |              |   |TS3ANetwork::Send failed error: 111
2018-08-21 10:05:07.460122|ERROR   |              |   |TS3ANetwork::Send failed error: 111
2018-08-21 10:05:09.033808|ERROR   |              |   |TS3ANetwork::Send failed error: 111
2018-08-21 10:05:11.033760|ERROR   |              |   |TS3ANetwork::Send failed error: 111
2018-08-21 10:15:07.467240|ERROR   |              |   |TS3ANetwork::Send failed error: 111
2018-08-21 10:15:09.050086|ERROR   |              |   |TS3ANetwork::Send failed error: 111
2018-08-21 10:15:11.033826|ERROR   |              |   |TS3ANetwork::Send failed error: 111
2018-08-21 10:25:07.654068|ERROR   |              |   |TS3ANetwork::Send failed error: 111
2018-08-21 10:25:09.033823|ERROR   |              |   |TS3ANetwork::Send failed error: 111
2018-08-21 10:25:11.050170|ERROR   |              |   |TS3ANetwork::Send failed error: 111
2018-08-21 10:35:07.575812|ERROR   |              |   |TS3ANetwork::Send failed error: 111
2018-08-21 10:35:09.033826|ERROR   |              |   |TS3ANetwork::Send failed error: 111
2018-08-21 10:35:11.033879|ERROR   |              |   |TS3ANetwork::Send failed error: 111
2018-08-21 10:45:07.672728|ERROR   |              |   |TS3ANetwork::Send failed error: 111
2018-08-21 10:45:09.033852|ERROR   |              |   |TS3ANetwork::Send failed error: 111
2018-08-21 10:45:11.033838|ERROR   |              |   |TS3ANetwork::Send failed error: 111
2018-08-21 10:55:07.746065|ERROR   |              |   |TS3ANetwork::Send failed error: 111
2018-08-21 10:55:09.056858|ERROR   |              |   |TS3ANetwork::Send failed error: 111
2018-08-21 10:55:11.033848|ERROR   |              |   |TS3ANetwork::Send failed error: 111
2018-08-21 11:05:07.756196|ERROR   |              |   |TS3ANetwork::Send failed error: 111
2018-08-21 11:05:09.033866|ERROR   |              |   |TS3ANetwork::Send failed error: 111
2018-08-21 11:05:11.045068|ERROR   |              |   |TS3ANetwork::Send failed error: 111
2018-08-21 11:15:07.758927|ERROR   |              |   |TS3ANetwork::Send failed error: 111
2018-08-21 11:15:09.033800|ERROR   |              |   |TS3ANetwork::Send failed error: 111
2018-08-21 11:15:11.033761|ERROR   |              |   |TS3ANetwork::Send failed error: 111
2018-08-21 11:25:07.787208|ERROR   |              |   |TS3ANetwork::Send failed error: 111
2018-08-21 11:25:09.033896|ERROR   |              |   |TS3ANetwork::Send failed error: 111
2018-08-21 11:25:11.033869|ERROR   |              |   |TS3ANetwork::Send failed error: 111
2018-08-21 11:35:07.772878|ERROR   |              |   |TS3ANetwork::Send failed error: 111
2018-08-21 11:35:09.045006|ERROR   |              |   |TS3ANetwork::Send failed error: 111
2018-08-21 11:35:11.033792|ERROR   |              |   |TS3ANetwork::Send failed error: 111
2018-08-21 11:45:07.795175|ERROR   |              |   |TS3ANetwork::Send failed error: 111
2018-08-21 11:45:09.033790|ERROR   |              |   |TS3ANetwork::Send failed error: 111
2018-08-21 11:45:11.050139|ERROR   |              |   |TS3ANetwork::Send failed error: 111
2018-08-21 11:55:07.787187|ERROR   |              |   |TS3ANetwork::Send failed error: 111
2018-08-21 11:55:09.033855|ERROR   |              |   |TS3ANetwork::Send failed error: 111
2018-08-21 11:55:11.033853|ERROR   |              |   |TS3ANetwork::Send failed error: 111
2018-08-21 12:05:07.898574|ERROR   |              |   |TS3ANetwork::Send failed error: 111
2018-08-21 12:05:09.033813|ERROR   |              |   |TS3ANetwork::Send failed error: 111
2018-08-21 12:05:11.033859|ERROR   |              |   |TS3ANetwork::Send failed error: 111
2018-08-21 12:15:07.873388|ERROR   |              |   |TS3ANetwork::Send failed error: 111
2018-08-21 12:15:09.050266|ERROR   |              |   |TS3ANetwork::Send failed error: 111
2018-08-21 12:15:11.033824|ERROR   |              |   |TS3ANetwork::Send failed error: 111
2018-08-21 12:25:07.872451|ERROR   |              |   |TS3ANetwork::Send failed error: 111
2018-08-21 12:25:09.033792|ERROR   |              |   |TS3ANetwork::Send failed error: 111
2018-08-21 12:25:11.056970|ERROR   |              |   |TS3ANetwork::Send failed error: 111
2018-08-21 12:35:07.879772|ERROR   |              |   |TS3ANetwork::Send failed error: 111
2018-08-21 12:35:09.033870|ERROR   |              |   |TS3ANetwork::Send failed error: 111
2018-08-21 12:35:11.033778|ERROR   |              |   |TS3ANetwork::Send failed error: 111
2018-08-21 12:45:07.995268|ERROR   |              |   |TS3ANetwork::Send failed error: 111
2018-08-21 12:45:09.033862|ERROR   |              |   |TS3ANetwork::Send failed error: 111
2018-08-21 12:45:11.033812|ERROR   |              |   |TS3ANetwork::Send failed error: 111
2018-08-21 12:55:07.968846|ERROR   |              |   |TS3ANetwork::Send failed error: 111
2018-08-21 12:55:09.055319|ERROR   |              |   |TS3ANetwork::Send failed error: 111
2018-08-21 12:55:11.033796|ERROR   |              |   |TS3ANetwork::Send failed error: 111
2018-08-21 13:05:08.057180|ERROR   |              |   |TS3ANetwork::Send failed error: 111
2018-08-21 13:05:10.045023|ERROR   |              |   |TS3ANetwork::Send failed error: 111
2018-08-21 13:05:12.033836|ERROR   |              |   |TS3ANetwork::Send failed error: 111
2018-08-21 13:15:08.074421|ERROR   |              |   |TS3ANetwork::Send failed error: 111
2018-08-21 13:15:10.033790|ERROR   |              |   |TS3ANetwork::Send failed error: 111
2018-08-21 13:15:12.056548|ERROR   |              |   |TS3ANetwork::Send failed error: 111
2018-08-21 13:25:08.044390|ERROR   |              |   |TS3ANetwork::Send failed error: 111
2018-08-21 13:25:10.033845|ERROR   |              |   |TS3ANetwork::Send failed error: 111
2018-08-21 13:25:12.033829|ERROR   |              |   |TS3ANetwork::Send failed error: 111
2018-08-21 13:35:08.188247|ERROR   |              |   |TS3ANetwork::Send failed error: 111
2018-08-21 13:35:10.033870|ERROR   |              |   |TS3ANetwork::Send failed error: 111
2018-08-21 13:35:12.033880|ERROR   |              |   |TS3ANetwork::Send failed error: 111
2018-08-21 13:45:08.187946|ERROR   |              |   |TS3ANetwork::Send failed error: 111
2018-08-21 13:45:10.044919|ERROR   |              |   |TS3ANetwork::Send failed error: 111
2018-08-21 13:45:12.033854|ERROR   |              |   |TS3ANetwork::Send failed error: 111
2018-08-21 13:55:08.270069|ERROR   |              |   |TS3ANetwork::Send failed error: 111
2018-08-21 13:55:10.033824|ERROR   |              |   |TS3ANetwork::Send failed error: 111
2018-08-21 13:55:12.050452|ERROR   |              |   |TS3ANetwork::Send failed error: 111
2018-08-21 14:05:08.331710|ERROR   |              |   |TS3ANetwork::Send failed error: 111
2018-08-21 14:05:10.033932|ERROR   |              |   |TS3ANetwork::Send failed error: 111
2018-08-21 14:05:12.033848|ERROR   |              |   |TS3ANetwork::Send failed error: 111
2018-08-21 14:15:08.383167|ERROR   |              |   |TS3ANetwork::Send failed error: 111
2018-08-21 14:15:10.033838|ERROR   |              |   |TS3ANetwork::Send failed error: 111
2018-08-21 14:15:12.033841|ERROR   |              |   |TS3ANetwork::Send failed error: 111
2018-08-21 14:25:08.431063|ERROR   |              |   |TS3ANetwork::Send failed error: 111
2018-08-21 14:25:10.050441|ERROR   |              |   |TS3ANetwork::Send failed error: 111
2018-08-21 14:25:12.033801|ERROR   |              |   |TS3ANetwork::Send failed error: 111
2018-08-21 14:35:08.381020|ERROR   |              |   |TS3ANetwork::Send failed error: 111
2018-08-21 14:35:10.034022|ERROR   |              |   |TS3ANetwork::Send failed error: 111
2018-08-21 14:35:12.045302|ERROR   |              |   |TS3ANetwork::Send failed error: 111
2018-08-21 14:45:08.400098|ERROR   |              |   |TS3ANetwork::Send failed error: 111
2018-08-21 14:45:10.033887|ERROR   |              |   |TS3ANetwork::Send failed error: 111
2018-08-21 14:45:12.034096|ERROR   |              |   |TS3ANetwork::Send failed error: 111
2018-08-21 14:55:08.596944|ERROR   |              |   |TS3ANetwork::Send failed error: 111
2018-08-21 14:55:10.033890|ERROR   |              |   |TS3ANetwork::Send failed error: 111
2018-08-21 14:55:12.033957|ERROR   |              |   |TS3ANetwork::Send failed error: 111
2018-08-21 15:05:08.677472|ERROR   |              |   |TS3ANetwork::Send failed error: 111
2018-08-21 15:05:10.050780|ERROR   |              |   |TS3ANetwork::Send failed error: 111
2018-08-21 15:05:12.033911|ERROR   |              |   |TS3ANetwork::Send failed error: 111
2018-08-21 15:15:08.731637|ERROR   |              |   |TS3ANetwork::Send failed error: 111
2018-08-21 15:15:10.033897|ERROR   |              |   |TS3ANetwork::Send failed error: 111
2018-08-21 15:15:12.051069|ERROR   |              |   |TS3ANetwork::Send failed error: 111
2018-08-21 15:25:08.779572|ERROR   |              |   |TS3ANetwork::Send failed error: 111
2018-08-21 15:25:10.034045|ERROR   |              |   |TS3ANetwork::Send failed error: 111
2018-08-21 15:25:12.033842|ERROR   |              |   |TS3ANetwork::Send failed error: 111
2018-08-21 15:35:08.810118|ERROR   |              |   |TS3ANetwork::Send failed error: 111
2018-08-21 15:35:10.033805|ERROR   |              |   |TS3ANetwork::Send failed error: 111
2018-08-21 15:35:12.033834|ERROR   |              |   |TS3ANetwork::Send failed error: 111
2018-08-21 15:45:08.875189|ERROR   |              |   |TS3ANetwork::Send failed error: 111
2018-08-21 15:45:10.054708|ERROR   |              |   |TS3ANetwork::Send failed error: 111
2018-08-21 15:45:12.033818|ERROR   |              |   |TS3ANetwork::Send failed error: 111
2018-08-21 15:55:08.933411|ERROR   |              |   |TS3ANetwork::Send failed error: 111
2018-08-21 15:55:10.033946|ERROR   |              |   |TS3ANetwork::Send failed error: 111
2018-08-21 15:55:12.050663|ERROR   |              |   |TS3ANetwork::Send failed error: 111
2018-08-21 16:05:08.971728|ERROR   |              |   |TS3ANetwork::Send failed error: 111
2018-08-21 16:05:10.033923|ERROR   |              |   |TS3ANetwork::Send failed error: 111
2018-08-21 16:05:12.033911|ERROR   |              |   |TS3ANetwork::Send failed error: 111
2018-08-21 16:15:08.965205|ERROR   |              |   |TS3ANetwork::Send failed error: 111
2018-08-21 16:15:10.033765|ERROR   |              |   |TS3ANetwork::Send failed error: 111
2018-08-21 16:15:12.033947|ERROR   |              |   |TS3ANetwork::Send failed error: 111
2018-08-21 16:25:09.092043|ERROR   |              |   |TS3ANetwork::Send failed error: 111
2018-08-21 16:25:11.033849|ERROR   |              |   |TS3ANetwork::Send failed error: 111
2018-08-21 16:25:13.033926|ERROR   |              |   |TS3ANetwork::Send failed error: 111
2018-08-21 16:35:09.129940|ERROR   |              |   |TS3ANetwork::Send failed error: 111
2018-08-21 16:35:11.045083|ERROR   |              |   |TS3ANetwork::Send failed error: 111
2018-08-21 16:35:13.033967|ERROR   |              |   |TS3ANetwork::Send failed error: 111
2018-08-21 16:45:09.197580|ERROR   |              |   |TS3ANetwork::Send failed error: 111
2018-08-21 16:45:11.033817|ERROR   |              |   |TS3ANetwork::Send failed error: 111
2018-08-21 16:45:13.044826|ERROR   |              |   |TS3ANetwork::Send failed error: 111
2018-08-21 16:55:09.174594|ERROR   |              |   |TS3ANetwork::Send failed error: 111
2018-08-21 16:55:11.033796|ERROR   |              |   |TS3ANetwork::Send failed error: 111
2018-08-21 16:55:13.033832|ERROR   |              |   |TS3ANetwork::Send failed error: 111
2018-08-21 17:05:09.299067|ERROR   |              |   |TS3ANetwork::Send failed error: 111
2018-08-21 17:05:11.033913|ERROR   |              |   |TS3ANetwork::Send failed error: 111
2018-08-21 17:05:13.033903|ERROR   |              |   |TS3ANetwork::Send failed error: 111
2018-08-21 17:15:09.365865|ERROR   |              |   |TS3ANetwork::Send failed error: 111
2018-08-21 17:15:11.050449|ERROR   |              |   |TS3ANetwork::Send failed error: 111
2018-08-21 17:15:13.033857|ERROR   |              |   |TS3ANetwork::Send failed error: 111
2018-08-21 17:25:09.372907|ERROR   |              |   |TS3ANetwork::Send failed error: 111
2018-08-21 17:25:11.033812|ERROR   |              |   |TS3ANetwork::Send failed error: 111
2018-08-21 17:25:13.050371|ERROR   |              |   |TS3ANetwork::Send failed error: 111
2018-08-21 17:35:09.475643|ERROR   |              |   |TS3ANetwork::Send failed error: 111
2018-08-21 17:35:11.001067|ERROR   |              |   |TS3ANetwork::Send failed error: 111
2018-08-21 17:35:13.034017|ERROR   |              |   |TS3ANetwork::Send failed error: 111
2018-08-21 17:45:09.509029|ERROR   |              |   |TS3ANetwork::Send failed error: 111
2018-08-21 17:45:11.033956|ERROR   |              |   |TS3ANetwork::Send failed error: 111
2018-08-21 17:45:13.033844|ERROR   |              |   |TS3ANetwork::Send failed error: 111
2018-08-21 17:55:09.574273|ERROR   |              |   |TS3ANetwork::Send failed error: 111
2018-08-21 17:55:11.050702|ERROR   |              |   |TS3ANetwork::Send failed error: 111
2018-08-21 17:55:13.034016|ERROR   |              |   |TS3ANetwork::Send failed error: 111
2018-08-21 18:05:09.569061|ERROR   |              |   |TS3ANetwork::Send failed error: 111
2018-08-21 18:05:11.033799|ERROR   |              |   |TS3ANetwork::Send failed error: 111
2018-08-21 18:05:13.059050|ERROR   |              |   |TS3ANetwork::Send failed error: 111
2018-08-21 18:15:09.597151|ERROR   |              |   |TS3ANetwork::Send failed error: 111
2018-08-21 18:15:11.033851|ERROR   |              |   |TS3ANetwork::Send failed error: 111
2018-08-21 18:15:13.033787|ERROR   |              |   |TS3ANetwork::Send failed error: 111
2018-08-21 18:25:09.675600|ERROR   |              |   |TS3ANetwork::Send failed error: 111
2018-08-21 18:25:11.033963|ERROR   |              |   |TS3ANetwork::Send failed error: 111
2018-08-21 18:25:13.034074|ERROR   |              |   |TS3ANetwork::Send failed error: 111
2018-08-21 18:35:09.784528|ERROR   |              |   |TS3ANetwork::Send failed error: 111
2018-08-21 18:35:11.051035|ERROR   |              |   |TS3ANetwork::Send failed error: 111
2018-08-21 18:35:13.033855|ERROR   |              |   |TS3ANetwork::Send failed error: 111
2018-08-21 18:45:09.693393|ERROR   |              |   |TS3ANetwork::Send failed error: 111
2018-08-21 18:45:11.033856|ERROR   |              |   |TS3ANetwork::Send failed error: 111
2018-08-21 18:45:13.058114|ERROR   |              |   |TS3ANetwork::Send failed error: 111
2018-08-21 18:55:09.882547|ERROR   |              |   |TS3ANetwork::Send failed error: 111
2018-08-21 18:55:11.033903|ERROR   |              |   |TS3ANetwork::Send failed error: 111
2018-08-21 18:55:13.033890|ERROR   |              |   |TS3ANetwork::Send failed error: 111
2018-08-21 19:05:09.999887|ERROR   |              |   |TS3ANetwork::Send failed error: 111
2018-08-21 19:05:11.033782|ERROR   |              |   |TS3ANetwork::Send failed error: 111
2018-08-21 19:05:13.033802|ERROR   |              |   |TS3ANetwork::Send failed error: 111
2018-08-21 19:15:09.987369|ERROR   |              |   |TS3ANetwork::Send failed error: 111
2018-08-21 19:15:11.050978|ERROR   |              |   |TS3ANetwork::Send failed error: 111
2018-08-21 19:15:13.033924|ERROR   |              |   |TS3ANetwork::Send failed error: 111
2018-08-21 19:25:10.082902|ERROR   |              |   |TS3ANetwork::Send failed error: 111
2018-08-21 19:25:12.045069|ERROR   |              |   |TS3ANetwork::Send failed error: 111
2018-08-21 19:25:14.033850|ERROR   |              |   |TS3ANetwork::Send failed error: 111
2018-08-21 19:35:10.087597|ERROR   |              |   |TS3ANetwork::Send failed error: 111
2018-08-21 19:35:12.034032|ERROR   |              |   |TS3ANetwork::Send failed error: 111
2018-08-21 19:35:14.044905|ERROR   |              |   |TS3ANetwork::Send failed error: 111
2018-08-21 19:45:10.083106|ERROR   |              |   |TS3ANetwork::Send failed error: 111
2018-08-21 19:45:12.033993|ERROR   |              |   |TS3ANetwork::Send failed error: 111
2018-08-21 19:45:14.034049|ERROR   |              |   |TS3ANetwork::Send failed error: 111
2018-08-21 19:55:10.106132|ERROR   |              |   |TS3ANetwork::Send failed error: 111
2018-08-21 19:55:12.034019|ERROR   |              |   |TS3ANetwork::Send failed error: 111
2018-08-21 19:55:14.033935|ERROR   |              |   |TS3ANetwork::Send failed error: 111
2018-08-21 20:05:10.099284|ERROR   |              |   |TS3ANetwork::Send failed error: 111
2018-08-21 20:05:12.045215|ERROR   |              |   |TS3ANetwork::Send failed error: 111
2018-08-21 20:05:14.033919|ERROR   |              |   |TS3ANetwork::Send failed error: 111
2018-08-21 20:15:10.149828|ERROR   |              |   |TS3ANetwork::Send failed error: 111
2018-08-21 20:15:12.034011|ERROR   |              |   |TS3ANetwork::Send failed error: 111
2018-08-21 20:15:14.050520|ERROR   |              |   |TS3ANetwork::Send failed error: 111
2018-08-21 20:25:10.249694|ERROR   |              |   |TS3ANetwork::Send failed error: 111
2018-08-21 20:25:12.033735|ERROR   |              |   |TS3ANetwork::Send failed error: 111
2018-08-21 20:25:14.033815|ERROR   |              |   |TS3ANetwork::Send failed error: 111
2018-08-21 20:35:10.381074|ERROR   |              |   |TS3ANetwork::Send failed error: 111
2018-08-21 20:35:12.033855|ERROR   |              |   |TS3ANetwork::Send failed error: 111
2018-08-21 20:35:14.033895|ERROR   |              |   |TS3ANetwork::Send failed error: 111
2018-08-21 20:45:10.424266|ERROR   |              |   |TS3ANetwork::Send failed error: 111
2018-08-21 20:45:12.050315|ERROR   |              |   |TS3ANetwork::Send failed error: 111
2018-08-21 20:45:14.033798|ERROR   |              |   |TS3ANetwork::Send failed error: 111
2018-08-21 20:55:10.458151|ERROR   |              |   |TS3ANetwork::Send failed error: 111
2018-08-21 20:55:12.033911|ERROR   |              |   |TS3ANetwork::Send failed error: 111
2018-08-21 20:55:14.050500|ERROR   |              |   |TS3ANetwork::Send failed error: 111
2018-08-21 21:05:10.486588|ERROR   |              |   |TS3ANetwork::Send failed error: 111
2018-08-21 21:05:12.033837|ERROR   |              |   |TS3ANetwork::Send failed error: 111
2018-08-21 21:05:14.033785|ERROR   |              |   |TS3ANetwork::Send failed error: 111
2018-08-21 21:15:10.506604|ERROR   |              |   |TS3ANetwork::Send failed error: 111
2018-08-21 21:15:12.033788|ERROR   |              |   |TS3ANetwork::Send failed error: 111
2018-08-21 21:15:14.033853|ERROR   |              |   |TS3ANetwork::Send failed error: 111
2018-08-21 21:25:10.558765|ERROR   |              |   |TS3ANetwork::Send failed error: 111
2018-08-21 21:25:12.044999|ERROR   |              |   |TS3ANetwork::Send failed error: 111
2018-08-21 21:25:14.033815|ERROR   |              |   |TS3ANetwork::Send failed error: 111
2018-08-21 21:35:10.621734|ERROR   |              |   |TS3ANetwork::Send failed error: 111
2018-08-21 21:35:12.033890|ERROR   |              |   |TS3ANetwork::Send failed error: 111
2018-08-21 21:35:14.045103|ERROR   |              |   |TS3ANetwork::Send failed error: 111
2018-08-21 21:45:10.687797|ERROR   |              |   |TS3ANetwork::Send failed error: 111
2018-08-21 21:45:12.033855|ERROR   |              |   |TS3ANetwork::Send failed error: 111
2018-08-21 21:45:14.033867|ERROR   |              |   |TS3ANetwork::Send failed error: 111
2018-08-21 21:55:10.739119|ERROR   |              |   |TS3ANetwork::Send failed error: 111
2018-08-21 21:55:12.033936|ERROR   |              |   |TS3ANetwork::Send failed error: 111
2018-08-21 21:55:14.033935|ERROR   |              |   |TS3ANetwork::Send failed error: 111
2018-08-21 22:05:10.860597|ERROR   |              |   |TS3ANetwork::Send failed error: 111
2018-08-21 22:05:12.050336|ERROR   |              |   |TS3ANetwork::Send failed error: 111
2018-08-21 22:05:14.033918|ERROR   |              |   |TS3ANetwork::Send failed error: 111
2018-08-21 22:15:10.841425|ERROR   |              |   |TS3ANetwork::Send failed error: 111
2018-08-21 22:15:12.033869|ERROR   |              |   |TS3ANetwork::Send failed error: 111
2018-08-21 22:15:14.044787|ERROR   |              |   |TS3ANetwork::Send failed error: 111
2018-08-21 22:25:10.947399|ERROR   |              |   |TS3ANetwork::Send failed error: 111
2018-08-21 22:25:12.033863|ERROR   |              |   |TS3ANetwork::Send failed error: 111
2018-08-21 22:25:14.033857|ERROR   |              |   |TS3ANetwork::Send failed error: 111
2018-08-21 22:35:11.061211|ERROR   |              |   |TS3ANetwork::Send failed error: 111
2018-08-21 22:35:13.033849|ERROR   |              |   |TS3ANetwork::Send failed error: 111
2018-08-21 22:35:15.033844|ERROR   |              |   |TS3ANetwork::Send failed error: 111
2018-08-21 22:45:11.060227|ERROR   |              |   |TS3ANetwork::Send failed error: 111
2018-08-21 22:45:13.044934|ERROR   |              |   |TS3ANetwork::Send failed error: 111
2018-08-21 22:45:15.033795|ERROR   |              |   |TS3ANetwork::Send failed error: 111
2018-08-21 22:55:11.159821|ERROR   |              |   |TS3ANetwork::Send failed error: 111
2018-08-21 22:55:13.033887|ERROR   |              |   |TS3ANetwork::Send failed error: 111
2018-08-21 22:55:15.050326|ERROR   |              |   |TS3ANetwork::Send failed error: 111
2018-08-21 23:05:11.228849|ERROR   |              |   |TS3ANetwork::Send failed error: 111
2018-08-21 23:05:13.033889|ERROR   |              |   |TS3ANetwork::Send failed error: 111
2018-08-21 23:05:15.033799|ERROR   |              |   |TS3ANetwork::Send failed error: 111
2018-08-21 23:15:11.293488|ERROR   |              |   |TS3ANetwork::Send failed error: 111
2018-08-21 23:15:13.033823|ERROR   |              |   |TS3ANetwork::Send failed error: 111
2018-08-21 23:15:15.033876|ERROR   |              |   |TS3ANetwork::Send failed error: 111
2018-08-21 23:25:11.389701|ERROR   |              |   |TS3ANetwork::Send failed error: 111
2018-08-21 23:25:13.050337|ERROR   |              |   |TS3ANetwork::Send failed error: 111
2018-08-21 23:25:15.033792|ERROR   |              |   |TS3ANetwork::Send failed error: 111
2018-08-21 23:35:11.350380|ERROR   |              |   |TS3ANetwork::Send failed error: 111
2018-08-21 23:35:13.033787|ERROR   |              |   |TS3ANetwork::Send failed error: 111
2018-08-21 23:35:15.050512|ERROR   |              |   |TS3ANetwork::Send failed error: 111
2018-08-21 23:45:11.434652|ERROR   |              |   |TS3ANetwork::Send failed error: 111
2018-08-21 23:45:13.033806|ERROR   |              |   |TS3ANetwork::Send failed error: 111
2018-08-21 23:45:15.033794|ERROR   |              |   |TS3ANetwork::Send failed error: 111
2018-08-21 23:55:11.463718|ERROR   |              |   |TS3ANetwork::Send failed error: 111
2018-08-21 23:55:13.033757|ERROR   |              |   |TS3ANetwork::Send failed error: 111
2018-08-21 23:55:15.033836|ERROR   |              |   |TS3ANetwork::Send failed error: 111
2018-08-22 00:05:11.462377|ERROR   |              |   |TS3ANetwork::Send failed error: 111
2018-08-22 00:05:13.045106|ERROR   |              |   |TS3ANetwork::Send failed error: 111
2018-08-22 00:05:15.033793|ERROR   |              |   |TS3ANetwork::Send failed error: 111
2018-08-22 00:15:11.446493|ERROR   |              |   |TS3ANetwork::Send failed error: 111
2018-08-22 00:15:13.033809|ERROR   |              |   |TS3ANetwork::Send failed error: 111
2018-08-22 00:15:15.050523|ERROR   |              |   |TS3ANetwork::Send failed error: 111
2018-08-22 00:25:11.539137|ERROR   |              |   |TS3ANetwork::Send failed error: 111
2018-08-22 00:25:13.033858|ERROR   |              |   |TS3ANetwork::Send failed error: 111
2018-08-22 00:25:15.033818|ERROR   |              |   |TS3ANetwork::Send failed error: 111
2018-08-22 00:35:11.578945|ERROR   |              |   |TS3ANetwork::Send failed error: 111
2018-08-22 00:35:13.033786|ERROR   |              |   |TS3ANetwork::Send failed error: 111
2018-08-22 00:35:15.033824|ERROR   |              |   |TS3ANetwork::Send failed error: 111
2018-08-22 00:45:11.550025|ERROR   |              |   |TS3ANetwork::Send failed error: 111
2018-08-22 00:45:13.050648|ERROR   |              |   |TS3ANetwork::Send failed error: 111
2018-08-22 00:45:15.019978|ERROR   |              |   |TS3ANetwork::Send failed error: 111
2018-08-22 00:55:11.639903|ERROR   |              |   |TS3ANetwork::Send failed error: 111
2018-08-22 00:55:13.033841|ERROR   |              |   |TS3ANetwork::Send failed error: 111
2018-08-22 00:55:15.045185|ERROR   |              |   |TS3ANetwork::Send failed error: 111
2018-08-22 01:05:11.642684|ERROR   |              |   |TS3ANetwork::Send failed error: 111
2018-08-22 01:05:13.033809|ERROR   |              |   |TS3ANetwork::Send failed error: 111
2018-08-22 01:05:15.033774|ERROR   |              |   |TS3ANetwork::Send failed error: 111
2018-08-22 01:15:11.753475|ERROR   |              |   |TS3ANetwork::Send failed error: 111
2018-08-22 01:15:13.033769|ERROR   |              |   |TS3ANetwork::Send failed error: 111
2018-08-22 01:15:15.033838|ERROR   |              |   |TS3ANetwork::Send failed error: 111
2018-08-22 01:25:11.749161|ERROR   |              |   |TS3ANetwork::Send failed error: 111
2018-08-22 01:25:13.057322|ERROR   |              |   |TS3ANetwork::Send failed error: 111
2018-08-22 01:25:15.033866|ERROR   |              |   |TS3ANetwork::Send failed error: 111
2018-08-22 01:35:11.842389|ERROR   |              |   |TS3ANetwork::Send failed error: 111
2018-08-22 01:35:13.033786|ERROR   |              |   |TS3ANetwork::Send failed error: 111
2018-08-22 01:35:15.055255|ERROR   |              |   |TS3ANetwork::Send failed error: 111
2018-08-22 01:45:11.893147|ERROR   |              |   |TS3ANetwork::Send failed error: 111
2018-08-22 01:45:13.033788|ERROR   |              |   |TS3ANetwork::Send failed error: 111
2018-08-22 01:45:15.033834|ERROR   |              |   |TS3ANetwork::Send failed error: 111
2018-08-22 01:55:11.992573|ERROR   |              |   |TS3ANetwork::Send failed error: 111
2018-08-22 01:55:13.033883|ERROR   |              |   |TS3ANetwork::Send failed error: 111
2018-08-22 01:55:15.033791|ERROR   |              |   |TS3ANetwork::Send failed error: 111
2018-08-22 02:05:12.045947|ERROR   |              |   |TS3ANetwork::Send failed error: 111
2018-08-22 02:05:14.033900|ERROR   |              |   |TS3ANetwork::Send failed error: 111
2018-08-22 02:05:16.033889|ERROR   |              |   |TS3ANetwork::Send failed error: 111
2018-08-22 02:15:11.956479|ERROR   |              |   |TS3ANetwork::Send failed error: 111
2018-08-22 02:15:13.050439|ERROR   |              |   |TS3ANetwork::Send failed error: 111
2018-08-22 02:15:15.033840|ERROR   |              |   |TS3ANetwork::Send failed error: 111
2018-08-22 02:25:12.082095|ERROR   |              |   |TS3ANetwork::Send failed error: 111
2018-08-22 02:25:14.044756|ERROR   |              |   |TS3ANetwork::Send failed error: 111
2018-08-22 02:25:16.033809|ERROR   |              |   |TS3ANetwork::Send failed error: 111
2018-08-22 02:35:12.181746|ERROR   |              |   |TS3ANetwork::Send failed error: 111
2018-08-22 02:35:14.033872|ERROR   |              |   |TS3ANetwork::Send failed error: 111
2018-08-22 02:35:16.057623|ERROR   |              |   |TS3ANetwork::Send failed error: 111
2018-08-22 02:45:12.237009|ERROR   |              |   |TS3ANetwork::Send failed error: 111
2018-08-22 02:45:14.033811|ERROR   |              |   |TS3ANetwork::Send failed error: 111
2018-08-22 02:45:16.033827|ERROR   |              |   |TS3ANetwork::Send failed error: 111
2018-08-22 02:55:12.279631|ERROR   |              |   |TS3ANetwork::Send failed error: 111
2018-08-22 02:55:14.033854|ERROR   |              |   |TS3ANetwork::Send failed error: 111
2018-08-22 02:55:16.033773|ERROR   |              |   |TS3ANetwork::Send failed error: 111
2018-08-22 03:00:01.464315|INFO    |ServerMain    |   |Received signal SIGTERM, shutting down.
