2015-02-10 12:46:41.073503|INFO    |ServerLibPriv |   | TeamSpeak 3 Server 3.0.11.2 (2014-12-15 14:43:52)
2015-02-10 12:46:41.073960|INFO    |ServerLibPriv |   | SystemInformation: Linux 3.13.0-042stab094.8 #1 SMP Tue Dec 16 20:36:56 MSK 2014 x86_64 Binary: 64bit
2015-02-10 12:46:41.082093|INFO    |DatabaseQuery |   | dbPlugin name:    SQLite3 plugin, Version 2, (c)TeamSpeak Systems GmbH
2015-02-10 12:46:41.082300|INFO    |DatabaseQuery |   | dbPlugin version: 3.6.21
2015-02-10 12:46:41.085401|INFO    |DatabaseQuery |   | checking database integrity (may take a while)
2015-02-10 12:46:41.143486|WARNING |Accounting    |   | Unable to find valid license key, falling back to limited functionality
2015-02-10 12:46:44.078903|INFO    |              |   | Puzzle precompute time: 2912
2015-02-10 12:46:44.079479|INFO    |FileManager   |   | listening on 0.0.0.0:30033
2015-02-10 12:47:04.099829|ERROR   |              |   | TS3ANetwork::ResolveHostName failed error: -2 (Name or service not known) 0
2015-02-10 12:47:04.100048|ERROR   |              |   | Could not open default UDP connection for weblist
2015-02-10 12:47:04.169868|INFO    |CIDRManager   |   | updated query_ip_whitelist ips: 127.0.0.1, 
2015-02-10 12:47:04.170431|INFO    |Query         |   | listening on 0.0.0.0:10011
2015-02-10 12:52:24.298537|ERROR   |              |   | TS3ANetwork::ResolveHostName failed error: -2 (Name or service not known) 0
2015-02-10 13:02:34.350095|ERROR   |              |   | TS3ANetwork::ResolveHostName failed error: -2 (Name or service not known) 0
2015-02-10 18:52:33.146724|ERROR   |              |   | TS3ANetwork::ResolveHostName failed error: -2 (Name or service not known) 0
2015-02-10 19:32:31.899460|ERROR   |              |   | TS3ANetwork::ResolveHostName failed error: -2 (Name or service not known) 0
2015-02-10 19:52:29.104234|ERROR   |              |   | TS3ANetwork::ResolveHostName failed error: -2 (Name or service not known) 0
2015-02-10 20:22:27.256983|ERROR   |              |   | TS3ANetwork::ResolveHostName failed error: -2 (Name or service not known) 0
2015-02-10 20:42:41.091606|ERROR   |              |   | TS3ANetwork::ResolveHostName failed error: -2 (Name or service not known) 0
2015-02-10 21:02:27.428659|ERROR   |              |   | TS3ANetwork::ResolveHostName failed error: -2 (Name or service not known) 0
2015-02-10 21:22:31.216525|ERROR   |              |   | TS3ANetwork::ResolveHostName failed error: -2 (Name or service not known) 0
2015-02-11 04:00:01.852456|INFO    |ServerMain    |   | Received signal SIGTERM, shutting down.
