2017-01-02 04:00:03.611400|INFO    |ServerLibPriv |   |TeamSpeak 3 Server 3.0.12.3 (2016-03-04 08:31:20)
2017-01-02 04:00:03.611596|INFO    |ServerLibPriv |   |SystemInformation: Linux 2.6.32-45-pve #1 SMP Wed Mar 30 12:22:08 CEST 2016 x86_64 Binary: 64bit
2017-01-02 04:00:03.611638|WARNING |ServerLibPriv |   |The system locale is set to "C" this can cause unexpected behavior. We advice you to repair your locale!
2017-01-02 04:00:03.617107|INFO    |DatabaseQuery |   |dbPlugin name:    SQLite3 plugin, Version 2, (c)TeamSpeak Systems GmbH
2017-01-02 04:00:03.617173|INFO    |DatabaseQuery |   |dbPlugin version: 3.8.6
2017-01-02 04:00:03.617398|INFO    |DatabaseQuery |   |checking database integrity (may take a while)
2017-01-02 04:00:03.647442|WARNING |Accounting    |   |Unable to find valid license key, falling back to limited functionality
2017-01-02 04:00:08.090552|INFO    |              |   |Puzzle precompute time: 4284
2017-01-02 04:00:08.090989|INFO    |FileManager   |   |listening on 0.0.0.0:30033
2017-01-02 04:00:08.119565|INFO    |CIDRManager   |   |updated query_ip_whitelist ips: 127.0.0.1, 
2017-01-02 04:00:08.119883|INFO    |Query         |   |listening on 0.0.0.0:10011
2017-01-02 10:26:31.109476|ERROR   |              |   |TS3ANetwork::ResolveHostName failed error: -3 (Temporary failure in name resolution) 11
2017-01-02 10:36:33.152594|ERROR   |              |   |TS3ANetwork::ResolveHostName failed error: -3 (Temporary failure in name resolution) 11
2017-01-02 10:56:29.241546|ERROR   |              |   |TS3ANetwork::ResolveHostName failed error: -3 (Temporary failure in name resolution) 11
2017-01-02 11:06:31.085480|ERROR   |              |   |TS3ANetwork::ResolveHostName failed error: -3 (Temporary failure in name resolution) 11
2017-01-02 11:16:33.134629|ERROR   |              |   |TS3ANetwork::ResolveHostName failed error: -3 (Temporary failure in name resolution) 11
2017-01-02 11:36:29.266397|ERROR   |              |   |TS3ANetwork::ResolveHostName failed error: -3 (Temporary failure in name resolution) 11
2017-01-02 11:46:31.131513|ERROR   |              |   |TS3ANetwork::ResolveHostName failed error: -3 (Temporary failure in name resolution) 11
2017-01-02 11:56:33.086549|ERROR   |              |   |TS3ANetwork::ResolveHostName failed error: -3 (Temporary failure in name resolution) 11
2017-01-02 12:16:29.320405|ERROR   |              |   |TS3ANetwork::ResolveHostName failed error: -3 (Temporary failure in name resolution) 11
2017-01-02 12:26:31.081485|ERROR   |              |   |TS3ANetwork::ResolveHostName failed error: -3 (Temporary failure in name resolution) 11
2017-01-02 12:46:29.431614|ERROR   |              |   |TS3ANetwork::ResolveHostName failed error: -3 (Temporary failure in name resolution) 11
2017-01-03 04:00:01.655159|INFO    |ServerMain    |   |Received signal SIGTERM, shutting down.
