2015-01-19 23:00:39.801099|INFO    |VirtualServer |  1| listening on 0.0.0.0:9987
2015-01-19 23:02:25.669872|INFO    |VirtualServer |  1| permission 'b_virtualserver_servergroup_create'(id:159) with values (value:0, negated:0, skipchannel:0) was added by 'k1d'(id:4) to servergroup 'Admin'(id:6)
2015-01-19 23:02:26.784708|INFO    |VirtualServer |  1| permission 'b_virtualserver_channelgroup_create'(id:160) with values (value:0, negated:0, skipchannel:0) was added by 'k1d'(id:4) to servergroup 'Admin'(id:6)
2015-01-19 23:06:34.428138|INFO    |VirtualServer |  1| permission 'b_client_modify_description'(id:226) with values (value:0, negated:0, skipchannel:0) was added by 'k1d'(id:4) to servergroup 'Admin'(id:6)
2015-01-19 23:06:44.197415|INFO    |VirtualServer |  1| permission 'b_icon_manage'(id:144) with values (value:0, negated:0, skipchannel:0) was added by 'k1d'(id:4) to servergroup 'Admin'(id:6)
2015-01-19 23:06:57.629843|INFO    |VirtualServer |  1| permission 'b_virtualserver_servergroup_delete'(id:169) with values (value:0, negated:0, skipchannel:0) was added by 'k1d'(id:4) to servergroup 'Admin'(id:6)
2015-01-19 23:06:58.267969|INFO    |VirtualServer |  1| permission 'b_virtualserver_channelgroup_delete'(id:170) with values (value:0, negated:0, skipchannel:0) was added by 'k1d'(id:4) to servergroup 'Admin'(id:6)
2015-01-19 23:08:19.618710|INFO    |VirtualServer |  1| permission 'i_client_kick_from_server_power'(id:196) with values (value:74, negated:0, skipchannel:0) was added by 'k1d'(id:4) to servergroup 'Admin'(id:6)
2015-01-19 23:08:29.809504|INFO    |VirtualServer |  1| permission 'i_client_kick_from_server_power'(id:196) with values (value:75, negated:0, skipchannel:0) was added by 'k1d'(id:4) to servergroup 'Admin'(id:6)
2015-01-19 23:08:43.303772|INFO    |VirtualServer |  1| permission 'i_client_kick_from_server_power'(id:196) with values (value:74, negated:0, skipchannel:0) was added by 'k1d'(id:4) to servergroup 'Admin'(id:6)
2015-01-19 23:08:48.359087|INFO    |VirtualServer |  1| permission 'i_client_kick_from_channel_power'(id:198) with values (value:74, negated:0, skipchannel:0) was added by 'k1d'(id:4) to servergroup 'Admin'(id:6)
2015-01-19 23:08:59.413342|INFO    |VirtualServer |  1| permission 'i_client_ban_power'(id:200) with values (value:74, negated:0, skipchannel:0) was added by 'k1d'(id:4) to servergroup 'Admin'(id:6)
2015-01-19 23:12:59.381012|INFO    |VirtualServer |  1| permission 'i_client_max_clones_uid'(id:173) with values (value:2, negated:0, skipchannel:0) was added by 'k1d'(id:4) to servergroup 'Admin'(id:6)
2015-01-19 23:13:03.575454|INFO    |VirtualServer |  1| permission 'i_client_max_clones_uid'(id:173) with values (value:1, negated:0, skipchannel:0) was added by 'k1d'(id:4) to servergroup 'Admin'(id:6)
2015-01-19 23:13:37.095240|INFO    |VirtualServer |  1| permission 'i_client_permission_modify_power'(id:171) with values (value:74, negated:0, skipchannel:0) was added by 'k1d'(id:4) to servergroup 'Admin'(id:6)
2015-01-19 23:14:13.260694|INFO    |VirtualServer |  1| permission 'i_client_max_avatar_filesize'(id:175) with values (value:500000, negated:0, skipchannel:0) was added by 'k1d'(id:4) to servergroup 'Admin'(id:6)
2015-01-19 23:15:39.231495|INFO    |VirtualServer |  1| permission 'b_client_skip_channelgroup_permissions'(id:178) with values (value:0, negated:0, skipchannel:0) was added by 'k1d'(id:4) to servergroup 'Admin'(id:6)
2015-01-19 23:15:58.920223|INFO    |VirtualServer |  1| permission 'b_client_ignore_bans'(id:180) with values (value:0, negated:0, skipchannel:0) was added by 'k1d'(id:4) to servergroup 'Admin'(id:6)
2015-01-19 23:16:03.584875|INFO    |VirtualServer |  1| permission 'i_needed_modify_power_client_ignore_bans'(id:32948) was deleted by 'k1d'(id:4) from servergroup 'Admin'(id:6)
2015-01-19 23:16:08.220429|INFO    |VirtualServer |  1| permission 'b_client_ignore_bans'(id:180) was deleted by 'k1d'(id:4) from servergroup 'Admin'(id:6)
2015-01-19 23:16:21.699249|INFO    |VirtualServer |  1| permission 'b_client_ignore_antiflood'(id:181) with values (value:1, negated:1, skipchannel:0) was added by 'k1d'(id:4) to servergroup 'Admin'(id:6)
2015-01-19 23:16:22.268857|INFO    |VirtualServer |  1| permission 'b_client_ignore_antiflood'(id:181) with values (value:1, negated:0, skipchannel:0) was added by 'k1d'(id:4) to servergroup 'Admin'(id:6)
2015-01-19 23:19:26.319446|INFO    |VirtualServer |  1| permission 'b_virtualserver_servergroup_client_list'(id:152) was deleted by 'k1d'(id:4) from servergroup 'Member'(id:7)
2015-01-19 23:19:26.321931|INFO    |VirtualServer |  1| permission 'b_virtualserver_channelgroup_client_list'(id:155) was deleted by 'k1d'(id:4) from servergroup 'Member'(id:7)
2015-01-19 23:19:26.349859|INFO    |VirtualServer |  1| permission 'i_client_move_power'(id:202) with values (value:25, negated:0, skipchannel:0) was added by 'k1d'(id:4) to servergroup 'Member'(id:7)
2015-01-19 23:19:26.350911|INFO    |VirtualServer |  1| permission 'i_client_kick_from_channel_power'(id:198) with values (value:25, negated:0, skipchannel:0) was added by 'k1d'(id:4) to servergroup 'Member'(id:7)
2015-01-19 23:19:26.351955|INFO    |VirtualServer |  1| permission 'i_client_ban_power'(id:200) with values (value:25, negated:0, skipchannel:0) was added by 'k1d'(id:4) to servergroup 'Member'(id:7)
2015-01-19 23:19:26.353036|INFO    |VirtualServer |  1| permission 'b_client_ban_list'(id:209) with values (value:1, negated:0, skipchannel:0) was added by 'k1d'(id:4) to servergroup 'Member'(id:7)
2015-01-19 23:19:26.353959|INFO    |VirtualServer |  1| permission 'b_client_ban_delete_own'(id:211) with values (value:1, negated:0, skipchannel:0) was added by 'k1d'(id:4) to servergroup 'Member'(id:7)
2015-01-19 23:19:26.355150|INFO    |VirtualServer |  1| permission 'i_client_ban_max_bantime'(id:213) with values (value:7200, negated:0, skipchannel:0) was added by 'k1d'(id:4) to servergroup 'Member'(id:7)
2015-01-19 23:19:26.356118|INFO    |VirtualServer |  1| permission 'i_client_kick_from_server_power'(id:196) with values (value:25, negated:0, skipchannel:0) was added by 'k1d'(id:4) to servergroup 'Member'(id:7)
2015-01-19 23:19:26.357046|INFO    |VirtualServer |  1| permission 'i_channel_delete_power'(id:129) with values (value:60, negated:0, skipchannel:0) was added by 'k1d'(id:4) to servergroup 'Member'(id:7)
2015-01-19 23:19:44.820040|INFO    |VirtualServer |  1| permission 'i_needed_modify_power_client_modify_description'(id:32994) was deleted by 'k1d'(id:4) from servergroup 'Admin'(id:6)
2015-01-19 23:19:44.822643|INFO    |VirtualServer |  1| permission 'i_needed_modify_power_client_modify_own_description'(id:32995) was deleted by 'k1d'(id:4) from servergroup 'Admin'(id:6)
2015-01-19 23:19:44.825196|INFO    |VirtualServer |  1| permission 'b_virtualserver_channelgroup_create'(id:160) was deleted by 'k1d'(id:4) from servergroup 'Admin'(id:6)
2015-01-19 23:19:44.827837|INFO    |VirtualServer |  1| permission 'b_virtualserver_servergroup_delete'(id:169) was deleted by 'k1d'(id:4) from servergroup 'Admin'(id:6)
2015-01-19 23:19:44.830551|INFO    |VirtualServer |  1| permission 'b_virtualserver_channelgroup_delete'(id:170) was deleted by 'k1d'(id:4) from servergroup 'Admin'(id:6)
2015-01-19 23:19:44.833222|INFO    |VirtualServer |  1| permission 'b_client_skip_channelgroup_permissions'(id:178) was deleted by 'k1d'(id:4) from servergroup 'Admin'(id:6)
2015-01-19 23:19:44.835871|INFO    |VirtualServer |  1| permission 'i_needed_modify_power_client_ban_power'(id:32968) was deleted by 'k1d'(id:4) from servergroup 'Admin'(id:6)
2015-01-19 23:19:44.838594|INFO    |VirtualServer |  1| permission 'i_needed_modify_power_client_ban_list'(id:32977) was deleted by 'k1d'(id:4) from servergroup 'Admin'(id:6)
2015-01-19 23:19:44.841274|INFO    |VirtualServer |  1| permission 'i_needed_modify_power_client_ban_create'(id:32978) was deleted by 'k1d'(id:4) from servergroup 'Admin'(id:6)
2015-01-19 23:19:44.843921|INFO    |VirtualServer |  1| permission 'i_needed_modify_power_client_ban_delete_own'(id:32979) was deleted by 'k1d'(id:4) from servergroup 'Admin'(id:6)
2015-01-19 23:19:44.846467|INFO    |VirtualServer |  1| permission 'i_needed_modify_power_client_ban_delete'(id:32980) was deleted by 'k1d'(id:4) from servergroup 'Admin'(id:6)
2015-01-19 23:19:44.849070|INFO    |VirtualServer |  1| permission 'i_needed_modify_power_client_ban_max_bantime'(id:32981) was deleted by 'k1d'(id:4) from servergroup 'Admin'(id:6)
2015-01-19 23:19:44.851593|INFO    |VirtualServer |  1| permission 'i_needed_modify_power_virtualserver_channelgroup_create'(id:32928) was deleted by 'k1d'(id:4) from servergroup 'Admin'(id:6)
2015-01-19 23:19:44.854118|INFO    |VirtualServer |  1| permission 'b_virtualserver_servergroup_create'(id:159) was deleted by 'k1d'(id:4) from servergroup 'Admin'(id:6)
2015-01-19 23:19:44.856623|INFO    |VirtualServer |  1| permission 'i_needed_modify_power_virtualserver_servergroup_delete'(id:32937) was deleted by 'k1d'(id:4) from servergroup 'Admin'(id:6)
2015-01-19 23:19:44.859212|INFO    |VirtualServer |  1| permission 'i_needed_modify_power_virtualserver_channelgroup_delete'(id:32938) was deleted by 'k1d'(id:4) from servergroup 'Admin'(id:6)
2015-01-19 23:19:44.861728|INFO    |VirtualServer |  1| permission 'i_needed_modify_power_client_max_avatar_filesize'(id:32943) was deleted by 'k1d'(id:4) from servergroup 'Admin'(id:6)
2015-01-19 23:19:44.864263|INFO    |VirtualServer |  1| permission 'i_needed_modify_power_client_skip_channelgroup_permissions'(id:32946) was deleted by 'k1d'(id:4) from servergroup 'Admin'(id:6)
2015-01-19 23:19:44.866829|INFO    |VirtualServer |  1| permission 'i_needed_modify_power_max_icon_filesize'(id:32911) was deleted by 'k1d'(id:4) from servergroup 'Admin'(id:6)
2015-01-19 23:19:44.869419|INFO    |VirtualServer |  1| permission 'i_needed_modify_power_icon_manage'(id:32912) was deleted by 'k1d'(id:4) from servergroup 'Admin'(id:6)
2015-01-19 23:19:44.871917|INFO    |VirtualServer |  1| permission 'i_needed_modify_power_virtualserver_servergroup_create'(id:32927) was deleted by 'k1d'(id:4) from servergroup 'Admin'(id:6)
2015-01-19 23:19:44.874524|INFO    |VirtualServer |  1| permission 'b_channel_delete_permanent'(id:125) was deleted by 'k1d'(id:4) from servergroup 'Admin'(id:6)
2015-01-19 23:19:44.877122|INFO    |VirtualServer |  1| permission 'i_needed_modify_power_channel_modify_parent'(id:32873) was deleted by 'k1d'(id:4) from servergroup 'Admin'(id:6)
2015-01-19 23:19:44.879716|INFO    |VirtualServer |  1| permission 'b_virtualserver_token_list'(id:36) was deleted by 'k1d'(id:4) from servergroup 'Admin'(id:6)
2015-01-19 23:19:44.882245|INFO    |VirtualServer |  1| permission 'b_virtualserver_token_add'(id:37) was deleted by 'k1d'(id:4) from servergroup 'Admin'(id:6)
2015-01-19 23:19:44.884797|INFO    |VirtualServer |  1| permission 'i_needed_modify_power_channel_modify_name'(id:32878) was deleted by 'k1d'(id:4) from servergroup 'Admin'(id:6)
2015-01-19 23:19:44.887371|INFO    |VirtualServer |  1| permission 'i_needed_modify_power_channel_modify_topic'(id:32879) was deleted by 'k1d'(id:4) from servergroup 'Admin'(id:6)
2015-01-19 23:19:44.889946|INFO    |VirtualServer |  1| permission 'b_virtualserver_token_delete'(id:39) was deleted by 'k1d'(id:4) from servergroup 'Admin'(id:6)
2015-01-19 23:19:44.892505|INFO    |VirtualServer |  1| permission 'i_needed_modify_power_channel_modify_description'(id:32880) was deleted by 'k1d'(id:4) from servergroup 'Admin'(id:6)
2015-01-19 23:19:44.895069|INFO    |VirtualServer |  1| permission 'i_needed_modify_power_channel_modify_password'(id:32881) was deleted by 'k1d'(id:4) from servergroup 'Admin'(id:6)
2015-01-19 23:19:44.897663|INFO    |VirtualServer |  1| permission 'i_needed_modify_power_channel_modify_codec'(id:32882) was deleted by 'k1d'(id:4) from servergroup 'Admin'(id:6)
2015-01-19 23:19:44.900217|INFO    |VirtualServer |  1| permission 'i_needed_modify_power_channel_modify_codec_quality'(id:32883) was deleted by 'k1d'(id:4) from servergroup 'Admin'(id:6)
2015-01-19 23:19:44.902684|INFO    |VirtualServer |  1| permission 'i_needed_modify_power_channel_modify_codec_latency_factor'(id:32884) was deleted by 'k1d'(id:4) from servergroup 'Admin'(id:6)
2015-01-19 23:19:44.905189|INFO    |VirtualServer |  1| permission 'i_needed_modify_power_channel_modify_maxclients'(id:32885) was deleted by 'k1d'(id:4) from servergroup 'Admin'(id:6)
2015-01-19 23:19:44.907702|INFO    |VirtualServer |  1| permission 'i_needed_modify_power_channel_modify_maxfamilyclients'(id:32886) was deleted by 'k1d'(id:4) from servergroup 'Admin'(id:6)
2015-01-19 23:19:44.910163|INFO    |VirtualServer |  1| permission 'i_needed_modify_power_channel_modify_sortorder'(id:32887) was deleted by 'k1d'(id:4) from servergroup 'Admin'(id:6)
2015-01-19 23:19:44.912610|INFO    |VirtualServer |  1| permission 'i_needed_modify_power_channel_modify_needed_talk_power'(id:32888) was deleted by 'k1d'(id:4) from servergroup 'Admin'(id:6)
2015-01-19 23:19:44.915079|INFO    |VirtualServer |  1| permission 'i_needed_modify_power_channel_modify_make_codec_encrypted'(id:32891) was deleted by 'k1d'(id:4) from servergroup 'Admin'(id:6)
2015-01-19 23:19:44.917524|INFO    |VirtualServer |  1| permission 'i_needed_modify_power_channel_delete_permanent'(id:32893) was deleted by 'k1d'(id:4) from servergroup 'Admin'(id:6)
2015-01-19 23:19:44.920015|INFO    |VirtualServer |  1| permission 'i_needed_modify_power_virtualserver_modify_icon_id'(id:32838) was deleted by 'k1d'(id:4) from servergroup 'Admin'(id:6)
2015-01-19 23:19:44.922585|INFO    |VirtualServer |  1| permission 'i_needed_modify_power_virtualserver_modify_weblist'(id:32839) was deleted by 'k1d'(id:4) from servergroup 'Admin'(id:6)
2015-01-19 23:19:44.925042|INFO    |VirtualServer |  1| permission 'i_needed_modify_power_virtualserver_modify_codec_encryption_mode'(id:32840) was deleted by 'k1d'(id:4) from servergroup 'Admin'(id:6)
2015-01-19 23:19:44.927519|INFO    |VirtualServer |  1| permission 'i_needed_modify_power_virtualserver_token_list'(id:32804) was deleted by 'k1d'(id:4) from servergroup 'Admin'(id:6)
2015-01-19 23:19:44.930014|INFO    |VirtualServer |  1| permission 'i_needed_modify_power_virtualserver_token_add'(id:32805) was deleted by 'k1d'(id:4) from servergroup 'Admin'(id:6)
2015-01-19 23:19:44.932451|INFO    |VirtualServer |  1| permission 'i_needed_modify_power_virtualserver_token_delete'(id:32807) was deleted by 'k1d'(id:4) from servergroup 'Admin'(id:6)
2015-01-19 23:19:44.934885|INFO    |VirtualServer |  1| permission 'i_needed_modify_power_virtualserver_join_ignore_password'(id:32810) was deleted by 'k1d'(id:4) from servergroup 'Admin'(id:6)
2015-01-19 23:19:44.937349|INFO    |VirtualServer |  1| permission 'i_needed_modify_power_virtualserver_modify_name'(id:32816) was deleted by 'k1d'(id:4) from servergroup 'Admin'(id:6)
2015-01-19 23:19:44.939828|INFO    |VirtualServer |  1| permission 'i_needed_modify_power_virtualserver_modify_welcomemessage'(id:32817) was deleted by 'k1d'(id:4) from servergroup 'Admin'(id:6)
2015-01-19 23:19:44.942272|INFO    |VirtualServer |  1| permission 'i_needed_modify_power_virtualserver_modify_maxclients'(id:32818) was deleted by 'k1d'(id:4) from servergroup 'Admin'(id:6)
2015-01-19 23:19:44.944695|INFO    |VirtualServer |  1| permission 'i_needed_modify_power_virtualserver_modify_reserved_slots'(id:32819) was deleted by 'k1d'(id:4) from servergroup 'Admin'(id:6)
2015-01-19 23:19:44.947126|INFO    |VirtualServer |  1| permission 'i_needed_modify_power_virtualserver_modify_password'(id:32820) was deleted by 'k1d'(id:4) from servergroup 'Admin'(id:6)
2015-01-19 23:19:44.949598|INFO    |VirtualServer |  1| permission 'i_needed_modify_power_virtualserver_modify_ft_settings'(id:32827) was deleted by 'k1d'(id:4) from servergroup 'Admin'(id:6)
2015-01-19 23:19:44.952017|INFO    |VirtualServer |  1| permission 'i_needed_modify_power_virtualserver_modify_ft_quotas'(id:32828) was deleted by 'k1d'(id:4) from servergroup 'Admin'(id:6)
2015-01-19 23:19:44.954425|INFO    |VirtualServer |  1| permission 'i_needed_modify_power_virtualserver_modify_hostmessage'(id:32829) was deleted by 'k1d'(id:4) from servergroup 'Admin'(id:6)
2015-01-19 23:19:44.956812|INFO    |VirtualServer |  1| permission 'i_needed_modify_power_virtualserver_modify_hostbanner'(id:32830) was deleted by 'k1d'(id:4) from servergroup 'Admin'(id:6)
2015-01-19 23:19:44.989500|INFO    |VirtualServer |  1| permission 'i_client_max_clones_uid'(id:173) with values (value:10, negated:0, skipchannel:0) was added by 'k1d'(id:4) to servergroup 'Admin'(id:6)
2015-01-19 23:19:44.992358|INFO    |VirtualServer |  1| permission 'b_channel_join_ignore_password'(id:134) with values (value:1, negated:0, skipchannel:0) was added by 'k1d'(id:4) to servergroup 'Admin'(id:6)
2015-01-19 23:19:44.995299|INFO    |VirtualServer |  1| permission 'b_virtualserver_token_use'(id:38) with values (value:1, negated:0, skipchannel:0) was added by 'k1d'(id:4) to servergroup 'Admin'(id:6)
2015-01-19 23:19:44.998178|INFO    |VirtualServer |  1| permission 'i_client_permission_modify_power'(id:171) with values (value:75, negated:0, skipchannel:0) was added by 'k1d'(id:4) to servergroup 'Admin'(id:6)
2015-01-19 23:19:45.001132|INFO    |VirtualServer |  1| permission 'i_channel_modify_power'(id:121) with values (value:75, negated:0, skipchannel:0) was added by 'k1d'(id:4) to servergroup 'Admin'(id:6)
2015-01-19 23:19:45.003856|INFO    |VirtualServer |  1| permission 'i_channel_permission_modify_power'(id:79) with values (value:75, negated:0, skipchannel:0) was added by 'k1d'(id:4) to servergroup 'Admin'(id:6)
2015-01-19 23:19:45.006588|INFO    |VirtualServer |  1| permission 'i_client_move_power'(id:202) with values (value:60, negated:0, skipchannel:0) was added by 'k1d'(id:4) to servergroup 'Admin'(id:6)
2015-01-19 23:19:45.009369|INFO    |VirtualServer |  1| permission 'i_client_kick_from_channel_power'(id:198) with values (value:0, negated:0, skipchannel:0) was added by 'k1d'(id:4) to servergroup 'Admin'(id:6)
2015-01-19 23:19:45.012035|INFO    |VirtualServer |  1| permission 'i_client_kick_from_server_power'(id:196) with values (value:0, negated:0, skipchannel:0) was added by 'k1d'(id:4) to servergroup 'Admin'(id:6)
2015-01-19 23:19:45.014736|INFO    |VirtualServer |  1| permission 'i_channel_delete_power'(id:129) with values (value:60, negated:0, skipchannel:0) was added by 'k1d'(id:4) to servergroup 'Admin'(id:6)
2015-01-19 23:19:45.017482|INFO    |VirtualServer |  1| permission 'b_channel_modify_make_default'(id:106) with values (value:1, negated:0, skipchannel:0) was added by 'k1d'(id:4) to servergroup 'Admin'(id:6)
2015-01-19 23:20:10.608720|INFO    |VirtualServer |  1| client (id:2) was added to servergroup 'sa'(id:9) by client 'k1d'(id:4)
2015-01-19 23:20:17.773572|INFO    |VirtualServer |  1| client (id:2) was removed from servergroup 'Admin'(id:6) by client 'k1d'(id:4)
2015-01-19 23:25:13.168585|INFO    |VirtualServer |  1| permission 'i_group_auto_update_type'(id:146) with values (value:15, negated:0, skipchannel:1) was added by 'k1d'(id:4) to servergroup 'Gast'(id:8)
2015-01-19 23:25:13.171279|INFO    |VirtualServer |  1| permission 'i_client_max_clones_uid'(id:173) with values (value:0, negated:0, skipchannel:1) was added by 'k1d'(id:4) to servergroup 'Gast'(id:8)
2015-01-19 23:25:13.173851|INFO    |VirtualServer |  1| permission 'b_channel_join_permanent'(id:131) with values (value:1, negated:0, skipchannel:1) was added by 'k1d'(id:4) to servergroup 'Gast'(id:8)
2015-01-19 23:25:13.176419|INFO    |VirtualServer |  1| permission 'b_channel_join_semi_permanent'(id:132) with values (value:1, negated:0, skipchannel:1) was added by 'k1d'(id:4) to servergroup 'Gast'(id:8)
2015-01-19 23:25:13.179089|INFO    |VirtualServer |  1| permission 'b_channel_join_temporary'(id:133) with values (value:1, negated:0, skipchannel:1) was added by 'k1d'(id:4) to servergroup 'Gast'(id:8)
2015-01-19 23:25:13.181664|INFO    |VirtualServer |  1| permission 'b_virtualserver_token_use'(id:38) with values (value:1, negated:0, skipchannel:1) was added by 'k1d'(id:4) to servergroup 'Gast'(id:8)
2015-01-19 23:25:13.184210|INFO    |VirtualServer |  1| permission 'i_client_needed_serverquery_view_power'(id:194) with values (value:75, negated:0, skipchannel:1) was added by 'k1d'(id:4) to servergroup 'Gast'(id:8)
2015-01-19 23:25:13.186815|INFO    |VirtualServer |  1| permission 'i_group_needed_modify_power'(id:162) with values (value:75, negated:0, skipchannel:1) was added by 'k1d'(id:4) to servergroup 'Gast'(id:8)
2015-01-19 23:25:13.189386|INFO    |VirtualServer |  1| permission 'i_client_needed_ban_power'(id:201) with values (value:25, negated:0, skipchannel:1) was added by 'k1d'(id:4) to servergroup 'Gast'(id:8)
2015-01-19 23:25:13.191984|INFO    |VirtualServer |  1| permission 'i_client_needed_kick_from_server_power'(id:197) with values (value:25, negated:0, skipchannel:1) was added by 'k1d'(id:4) to servergroup 'Gast'(id:8)
2015-01-19 23:25:13.194508|INFO    |VirtualServer |  1| permission 'i_client_needed_kick_from_channel_power'(id:199) with values (value:25, negated:0, skipchannel:1) was added by 'k1d'(id:4) to servergroup 'Gast'(id:8)
2015-01-19 23:25:13.197074|INFO    |VirtualServer |  1| permission 'i_client_needed_move_power'(id:203) with values (value:25, negated:0, skipchannel:1) was added by 'k1d'(id:4) to servergroup 'Gast'(id:8)
2015-01-19 23:25:13.197457|INFO    |VirtualServer |  1| permission 'i_channel_delete_power'(id:129) with values (value:60, negated:0, skipchannel:1) was added by 'k1d'(id:4) to servergroup 'Gast'(id:8)
2015-01-19 23:25:13.200004|INFO    |VirtualServer |  1| permission 'i_client_max_avatar_filesize'(id:175) with values (value:200000, negated:0, skipchannel:1) was added by 'k1d'(id:4) to servergroup 'Gast'(id:8)
2015-01-19 23:25:13.202579|INFO    |VirtualServer |  1| permission 'i_ft_file_download_power'(id:235) with values (value:25, negated:0, skipchannel:1) was added by 'k1d'(id:4) to servergroup 'Gast'(id:8)
2015-01-19 23:25:13.205135|INFO    |VirtualServer |  1| permission 'i_ft_quota_mb_download_per_client'(id:245) with values (value:-1, negated:0, skipchannel:1) was added by 'k1d'(id:4) to servergroup 'Gast'(id:8)
2015-01-19 23:25:13.207837|INFO    |VirtualServer |  1| permission 'i_ft_file_browse_power'(id:241) with values (value:25, negated:0, skipchannel:1) was added by 'k1d'(id:4) to servergroup 'Gast'(id:8)
2015-01-19 23:25:13.208221|INFO    |VirtualServer |  1| permission 'i_group_show_name_in_tree'(id:149) with values (value:1, negated:0, skipchannel:1) was added by 'k1d'(id:4) to servergroup 'Gast'(id:8)
2015-01-19 23:26:50.520435|INFO    |VirtualServer |  1| permission 'i_icon_id'(id:142) with values (value:200, negated:0, skipchannel:0) was added by 'k1d'(id:4) to servergroup 'Admin'(id:6)
2015-01-19 23:26:59.290106|INFO    |VirtualServer |  1| client (id:4) was added to servergroup 'Admin'(id:6) by client 'k1d'(id:4)
2015-01-19 23:27:15.416672|INFO    |VirtualServer |  1| client (id:2) was added to servergroup 'Member'(id:7) by client 'k1d'(id:4)
2015-01-19 23:27:20.746961|INFO    |VirtualServer |  1| client (id:2) was removed from servergroup 'sa'(id:9) by client 'k1d'(id:4)
2015-01-19 23:27:53.349897|INFO    |VirtualServer |  1| client (id:2) was added to servergroup 'sa'(id:9) by client 'k1d'(id:4)
2015-01-19 23:28:02.496768|INFO    |VirtualServer |  1| client (id:5) was added to servergroup 'Member'(id:7) by client 'k1d'(id:4)
2015-01-19 23:29:59.058834|INFO    |VirtualServer |  1| client (id:5) was added to servergroup 'sa'(id:9) by client 'k1d'(id:4)
2015-01-19 23:30:03.896622|INFO    |VirtualServer |  1| client (id:5) was removed from servergroup 'sa'(id:9) by client 'k1d'(id:4)
2015-01-19 23:30:09.309938|INFO    |VirtualServer |  1| client (id:5) was removed from servergroup 'Member'(id:7) by client 'k1d'(id:4)
2015-01-19 23:30:14.781602|INFO    |VirtualServer |  1| client (id:4) was removed from servergroup 'Admin'(id:6) by client 'Basti'(id:2)
2015-01-19 23:30:17.641328|INFO    |VirtualServer |  1| client (id:4) was removed from servergroup 'sa'(id:9) by client 'Basti'(id:2)
2015-01-19 23:30:23.440334|INFO    |VirtualServer |  1| client (id:4) was added to servergroup 'Member'(id:7) by client 'Basti'(id:2)
2015-01-19 23:30:33.571396|INFO    |VirtualServer |  1| client (id:4) was added to servergroup 'sa'(id:9) by client 'Basti'(id:2)
2015-01-19 23:30:43.894015|INFO    |VirtualServer |  1| permission 'i_group_needed_member_add_power'(id:164) with values (value:75, negated:0, skipchannel:0) was added by 'k1d'(id:4) to servergroup 'Member'(id:7)
2015-01-19 23:30:59.034097|INFO    |VirtualServer |  1| client (id:4) was removed from servergroup 'sa'(id:9) by client 'Basti'(id:2)
2015-01-19 23:31:18.499577|INFO    |VirtualServer |  1| client (id:4) was added to servergroup 'Admin'(id:6) by client 'Basti'(id:2)
2015-01-19 23:31:31.353151|INFO    |VirtualServer |  1| client (id:4) was added to servergroup 'sa'(id:9) by client 'Basti'(id:2)
2015-01-19 23:31:59.758499|INFO    |VirtualServer |  1| permission 'i_group_needed_member_add_power'(id:164) with values (value:60, negated:0, skipchannel:0) was added by 'k1d'(id:4) to servergroup 'Member'(id:7)
2015-01-19 23:32:37.065012|INFO    |VirtualServer |  1| permission 'b_virtualserver_token_use'(id:38) with values (value:0, negated:0, skipchannel:0) was added by 'k1d'(id:4) to servergroup 'Member'(id:7)
2015-01-19 23:36:04.450687|INFO    |VirtualServer |  1| permission 'i_group_needed_member_add_power'(id:164) with values (value:50, negated:0, skipchannel:0) was added by 'k1d'(id:4) to servergroup 'Member'(id:7)
2015-01-19 23:36:12.442887|INFO    |VirtualServer |  1| client (id:4) was removed from servergroup 'Admin'(id:6) by client 'Basti'(id:2)
2015-01-19 23:36:14.782034|INFO    |VirtualServer |  1| client (id:4) was removed from servergroup 'sa'(id:9) by client 'Basti'(id:2)
2015-01-19 23:36:27.643393|INFO    |VirtualServer |  1| client (id:4) was added to servergroup 'sa'(id:9) by client 'Basti'(id:2)
2015-01-19 23:36:31.797650|INFO    |VirtualServer |  1| permission 'i_group_needed_member_add_power'(id:164) with values (value:25, negated:0, skipchannel:0) was added by 'k1d'(id:4) to servergroup 'Member'(id:7)
2015-01-19 23:36:39.115108|INFO    |VirtualServer |  1| client (id:4) was removed from servergroup 'sa'(id:9) by client 'Basti'(id:2)
2015-01-19 23:36:54.065160|INFO    |VirtualServer |  1| client (id:4) was added to servergroup 'sa'(id:9) by client 'Basti'(id:2)
2015-01-19 23:37:05.983622|INFO    |VirtualServer |  1| permission 'i_needed_modify_power_group_needed_member_add_power'(id:32932) with values (value:75, negated:0, skipchannel:0) was added by 'k1d'(id:4) to servergroup 'Member'(id:7)
2015-01-19 23:37:14.204705|INFO    |VirtualServer |  1| permission 'i_needed_modify_power_group_needed_member_add_power'(id:32932) with values (value:25, negated:0, skipchannel:0) was added by 'k1d'(id:4) to servergroup 'Member'(id:7)
2015-01-19 23:37:23.851805|INFO    |VirtualServer |  1| client (id:4) was removed from servergroup 'sa'(id:9) by client 'Basti'(id:2)
2015-01-19 23:38:36.897752|INFO    |VirtualServer |  1| permission 'i_icon_id'(id:142) with values (value:-1982928567) was added by 'Basti'(id:2) to channel '[cspacer0]&#1632;&#1632;&#1632;&#8226;&#8226;&#9679;World of Warcraft&#9679;&#8226;&#8226;&#1632;&#1632;&#1632;'(id:9)
2015-01-19 23:38:46.377072|INFO    |VirtualServer |  1| client (id:4) was added to servergroup 'sa'(id:9) by client 'Basti'(id:2)
2015-01-19 23:39:17.135438|INFO    |VirtualServer |  1| client (id:2) was added to servergroup 'Admin'(id:6) by client 'k1d'(id:4)
2015-01-19 23:39:20.465219|INFO    |VirtualServer |  1| client (id:2) was removed from servergroup 'sa'(id:9) by client 'k1d'(id:4)
2015-01-19 23:39:33.507751|INFO    |VirtualServer |  1| client (id:5) was added to servergroup 'Member'(id:7) by client 'Basti'(id:2)
2015-01-19 23:40:31.708618|INFO    |VirtualServer |  1| permission 'i_needed_modify_power_group_needed_member_remove_power'(id:32934) with values (value:75, negated:0, skipchannel:0) was added by 'k1d'(id:4) to servergroup 'Member'(id:7)
2015-01-19 23:40:44.991900|INFO    |VirtualServer |  1| permission 'i_group_modify_power'(id:161) with values (value:75, negated:0, skipchannel:0) was added by 'k1d'(id:4) to servergroup 'Member'(id:7)
2015-01-19 23:40:44.993018|INFO    |VirtualServer |  1| permission 'i_group_member_add_power'(id:163) with values (value:75, negated:0, skipchannel:0) was added by 'k1d'(id:4) to servergroup 'Member'(id:7)
2015-01-19 23:40:44.994117|INFO    |VirtualServer |  1| permission 'i_group_member_remove_power'(id:165) with values (value:75, negated:0, skipchannel:0) was added by 'k1d'(id:4) to servergroup 'Member'(id:7)
2015-01-19 23:40:44.995069|INFO    |VirtualServer |  1| permission 'i_permission_modify_power'(id:167) with values (value:75, negated:0, skipchannel:0) was added by 'k1d'(id:4) to servergroup 'Member'(id:7)
2015-01-19 23:41:01.380547|INFO    |VirtualServer |  1| permission 'i_group_member_add_power'(id:163) with values (value:25, negated:0, skipchannel:0) was added by 'k1d'(id:4) to servergroup 'Member'(id:7)
2015-01-19 23:41:14.788687|INFO    |VirtualServer |  1| client (id:5) was removed from servergroup 'Member'(id:7) by client 'k1d'(id:4)
2015-01-19 23:41:20.530559|INFO    |VirtualServer |  1| client (id:2) was removed from servergroup 'Admin'(id:6) by client 'k1d'(id:4)
2015-01-19 23:41:53.539639|INFO    |VirtualServer |  1| permission 'i_group_member_add_power'(id:163) with values (value:50, negated:0, skipchannel:0) was added by 'k1d'(id:4) to servergroup 'Member'(id:7)
2015-01-19 23:42:06.896971|INFO    |VirtualServer |  1| permission 'i_group_member_add_power'(id:163) with values (value:75, negated:0, skipchannel:0) was added by 'k1d'(id:4) to servergroup 'Member'(id:7)
2015-01-19 23:42:08.329167|INFO    |VirtualServer |  1| permission 'i_group_needed_member_add_power'(id:164) with values (value:75, negated:0, skipchannel:0) was added by 'k1d'(id:4) to servergroup 'Member'(id:7)
2015-01-19 23:42:09.629289|INFO    |VirtualServer |  1| permission 'i_group_needed_member_remove_power'(id:166) with values (value:75, negated:0, skipchannel:0) was added by 'k1d'(id:4) to servergroup 'Member'(id:7)
2015-01-19 23:42:23.535761|INFO    |VirtualServer |  1| permission 'i_group_member_add_power'(id:163) with values (value:60, negated:0, skipchannel:0) was added by 'k1d'(id:4) to servergroup 'Member'(id:7)
2015-01-19 23:42:26.229210|INFO    |VirtualServer |  1| permission 'i_group_needed_member_add_power'(id:164) with values (value:60, negated:0, skipchannel:0) was added by 'k1d'(id:4) to servergroup 'Member'(id:7)
2015-01-19 23:42:27.802314|INFO    |VirtualServer |  1| permission 'i_group_member_remove_power'(id:165) with values (value:60, negated:0, skipchannel:0) was added by 'k1d'(id:4) to servergroup 'Member'(id:7)
2015-01-19 23:42:29.314471|INFO    |VirtualServer |  1| permission 'i_group_needed_member_remove_power'(id:166) with values (value:60, negated:0, skipchannel:0) was added by 'k1d'(id:4) to servergroup 'Member'(id:7)
2015-01-19 23:42:44.140438|INFO    |VirtualServer |  1| client (id:2) was added to servergroup 'Admin'(id:6) by client 'k1d'(id:4)
2015-01-19 23:42:57.216845|INFO    |VirtualServer |  1| permission 'i_group_member_add_power'(id:163) with values (value:74, negated:0, skipchannel:0) was added by 'k1d'(id:4) to servergroup 'Admin'(id:6)
2015-01-19 23:42:58.049110|INFO    |VirtualServer |  1| permission 'i_group_needed_member_add_power'(id:164) with values (value:74, negated:0, skipchannel:0) was added by 'k1d'(id:4) to servergroup 'Admin'(id:6)
2015-01-19 23:42:59.094907|INFO    |VirtualServer |  1| permission 'i_group_member_remove_power'(id:165) with values (value:74, negated:0, skipchannel:0) was added by 'k1d'(id:4) to servergroup 'Admin'(id:6)
2015-01-19 23:43:01.028493|INFO    |VirtualServer |  1| permission 'i_group_needed_member_remove_power'(id:166) with values (value:74, negated:0, skipchannel:0) was added by 'k1d'(id:4) to servergroup 'Admin'(id:6)
2015-01-19 23:43:15.313587|INFO    |VirtualServer |  1| client (id:2) was added to servergroup 'sa'(id:9) by client 'k1d'(id:4)
2015-01-19 23:43:21.918492|INFO    |VirtualServer |  1| client (id:2) was removed from servergroup 'Admin'(id:6) by client 'k1d'(id:4)
2015-01-19 23:43:44.663795|INFO    |VirtualServer |  1| client (id:5) was added to servergroup 'Member'(id:7) by client 'k1d'(id:4)
2015-01-19 23:43:54.717811|INFO    |VirtualServer |  1| client (id:2) was removed from servergroup 'sa'(id:9) by client 'k1d'(id:4)
2015-01-19 23:44:09.384595|INFO    |VirtualServer |  1| client (id:2) was added to servergroup 'sa'(id:9) by client 'k1d'(id:4)
2015-01-19 23:47:37.228247|INFO    |VirtualServer |  1| client 'k1d'(id:4) added privilege key for servergroup 'sa'(id:9)
2015-01-19 23:47:53.133021|INFO    |VirtualServer |  1| client 'Basti'(id:2) added privilege key for servergroup 'sa'(id:9)
2015-01-19 23:50:01.103031|INFO    |VirtualServer |  1| permission 'i_icon_id'(id:142) with values (value:-1982928567) was added by 'k1d'(id:4) to channel '&#9484; Trashtalk'(id:10)
2015-01-19 23:55:50.753619|INFO    |VirtualServer |  1| permission 'i_icon_id'(id:142) with values (value:2101350922) was added by 'k1d'(id:4) to channel '&#1632;&#1632;&#1632;&#8226;&#8226;&#9679;Counter Strike&#9679;&#8226;&#8226;&#1632;&#1632;&#1632;'(id:14)
2015-01-19 23:56:00.300349|INFO    |VirtualServer |  1| permission 'i_icon_id'(id:142) with values (value:0) was added by 'k1d'(id:4) to channel '&#9484; Trashtalk'(id:10)
2015-01-19 23:56:46.236264|INFO    |VirtualServer |  1| permission 'i_icon_id'(id:142) with values (value:754529777) was added by 'Basti'(id:2) to channel '(&#773;_&#773;_&#773;(&#773;_&#773;_&#773;_&#773;_&#773;_&#773;_&#773;_&#773;&#773;()&#1706;&#1746;'(id:20)
2015-01-19 23:57:24.393505|INFO    |VirtualServer |  1| permission 'i_icon_id'(id:142) with values (value:1141655189) was added by 'Basti'(id:2) to channel '(&#773;_&#773;_&#773;(&#773;_&#773;_&#773;_&#773;_&#773;_&#773;_&#773;_&#773;&#773;()&#1706;&#1746;'(id:20)
2015-01-19 23:58:14.852907|INFO    |VirtualServer |  1| permission 'i_icon_id'(id:142) with values (value:1674898333) was added by 'Basti'(id:2) to channel 'AFK'(id:25)
2015-01-19 23:59:55.925987|INFO    |VirtualServer |  1| permission 'i_icon_id'(id:142) with values (value:-591703076) was added by 'Basti'(id:2) to channel '&#9484; Lounge I'(id:21)
2015-01-20 00:00:21.995216|INFO    |VirtualServer |  1| permission 'i_icon_id'(id:142) with values (value:-591703076) was added by 'Basti'(id:2) to channel '&#9500; Lounge II'(id:22)
2015-01-20 00:00:42.473530|INFO    |VirtualServer |  1| permission 'i_icon_id'(id:142) with values (value:-591703076) was added by 'Basti'(id:2) to channel '&#9492; Lounge III'(id:24)
2015-01-20 00:03:52.891717|INFO    |VirtualServer |  1| permission 'i_icon_id'(id:142) with values (value:-718014060) was added by 'Basti'(id:2) to channel '&#9492; Faceit.com'(id:18)
2015-01-20 00:04:43.704155|INFO    |VirtualServer |  1| permission 'i_icon_id'(id:142) with values (value:1307711384) was added by 'Basti'(id:2) to channel '&#9500; Ranked'(id:17)
2015-01-20 00:05:06.093342|INFO    |VirtualServer |  1| permission 'i_icon_id'(id:142) with values (value:1870265897) was added by 'Basti'(id:2) to channel '&#9484; Trashtalk'(id:10)
2015-01-20 00:05:14.810113|INFO    |VirtualServer |  1| permission 'i_icon_id'(id:142) with values (value:1870265897) was added by 'Basti'(id:2) to channel '&#9484; Trashtalk'(id:15)
2015-01-20 00:06:48.575921|INFO    |VirtualServer |  1| permission 'i_channel_needed_join_power'(id:137) with values (value:0) was added by 'k1d'(id:4) to channel '&#1632;&#1632;&#1632;&#8226;&#8226;&#9679;World of Warcraft&#9679;&#8226;&#8226;&#1632;&#1632;&#1632;'(id:9)
2015-01-20 00:07:25.163134|INFO    |VirtualServer |  1| permission 'i_channel_needed_join_power'(id:137) with values (value:25) was added by 'k1d'(id:4) to channel '&#1632;&#1632;&#1632;&#8226;&#8226;&#9679;World of Warcraft&#9679;&#8226;&#8226;&#1632;&#1632;&#1632;'(id:9)
2015-01-20 00:07:50.137136|INFO    |VirtualServer |  1| permission 'i_channel_needed_modify_power'(id:122) with values (value:75) was added by 'k1d'(id:4) to channel '&#1632;&#1632;&#1632;&#8226;&#8226;&#9679;Willkommen&#9679;&#8226;&#8226;&#1632;&#1632;&#1632;'(id:8)
2015-01-20 00:08:21.509064|INFO    |VirtualServer |  1| permission 'i_channel_needed_join_power'(id:137) with values (value:0) was added by 'k1d'(id:4) to channel '&#1632;&#1632;&#1632;&#8226;&#8226;&#9679;World of Warcraft&#9679;&#8226;&#8226;&#1632;&#1632;&#1632;'(id:9)
2015-01-20 00:08:51.519225|INFO    |VirtualServer |  1| permission 'i_channel_needed_join_power'(id:137) with values (value:10) was added by 'k1d'(id:4) to channel '&#9500; Raid'(id:11)
2015-01-20 00:09:22.204761|INFO    |VirtualServer |  1| client (id:4) was removed from servergroup 'sa'(id:9) by client 'Basti'(id:2)
2015-01-20 00:09:42.241582|INFO    |VirtualServer |  1| client (id:4) was added to servergroup 'sa'(id:9) by client 'Basti'(id:2)
2015-01-20 00:12:25.592375|INFO    |VirtualServer |  1| client (id:5) was removed from servergroup 'Member'(id:7) by client 'k1d'(id:4)
2015-01-20 00:12:43.279314|INFO    |VirtualServer |  1| client (id:5) was added to servergroup 'Member'(id:7) by client 'k1d'(id:4)
2015-01-20 00:16:47.337521|INFO    |VirtualServer |  1| permission 'i_icon_id'(id:142) with values (value:-258588813) was added by 'k1d'(id:4) to channel '&#1632;&#1632;&#1632;&#8226;&#8226;&#9679;Away from Keyboard&#9679;&#8226;&#8226;&#1632;&#1632;&#1632;'(id:19)
2015-01-20 00:18:12.172654|INFO    |VirtualServer |  1| permission 'i_icon_id'(id:142) with values (value:-95209323) was added by 'k1d'(id:4) to channel '&#9500; Public'(id:16)
2015-01-20 00:19:05.672672|INFO    |VirtualServer |  1| servergroup 'Member'(id:7) was copied by 'k1d'(id:4) to 'Member (Kopie)'(id:10)
2015-01-20 00:19:09.392968|INFO    |VirtualServer |  1| servergroup 'Member'(id:7) was copied by 'k1d'(id:4) to 'Member (Kopie 2)'(id:11)
2015-01-20 00:19:16.247687|INFO    |VirtualServer |  1| servergroup 'Member (Kopie)'(id:10) was renamed to 'Mae' by 'k1d'(id:4)
2015-01-20 00:19:21.391837|INFO    |VirtualServer |  1| servergroup 'Mae'(id:10) was renamed to 'Male' by 'k1d'(id:4)
2015-01-20 00:19:25.976147|INFO    |VirtualServer |  1| servergroup 'Member (Kopie 2)'(id:11) was renamed to 'Female' by 'k1d'(id:4)
2015-01-20 00:20:22.484346|INFO    |VirtualServer |  1| permission 'b_virtualserver_servergroup_permission_list'(id:151) with values (value:1, negated:0, skipchannel:0) was added by 'k1d'(id:4) to servergroup 'Male'(id:10)
2015-01-20 00:20:22.485394|INFO    |VirtualServer |  1| permission 'b_virtualserver_servergroup_client_list'(id:152) with values (value:1, negated:0, skipchannel:0) was added by 'k1d'(id:4) to servergroup 'Male'(id:10)
2015-01-20 00:20:22.486452|INFO    |VirtualServer |  1| permission 'b_virtualserver_channelgroup_permission_list'(id:154) with values (value:1, negated:0, skipchannel:0) was added by 'k1d'(id:4) to servergroup 'Male'(id:10)
2015-01-20 00:20:22.487509|INFO    |VirtualServer |  1| permission 'b_virtualserver_channelgroup_client_list'(id:155) with values (value:1, negated:0, skipchannel:0) was added by 'k1d'(id:4) to servergroup 'Male'(id:10)
2015-01-20 00:20:22.488200|INFO    |VirtualServer |  1| permission 'b_virtualserver_client_permission_list'(id:156) with values (value:1, negated:0, skipchannel:0) was added by 'k1d'(id:4) to servergroup 'Male'(id:10)
2015-01-20 00:20:22.488621|INFO    |VirtualServer |  1| permission 'b_virtualserver_channel_permission_list'(id:157) with values (value:1, negated:0, skipchannel:0) was added by 'k1d'(id:4) to servergroup 'Male'(id:10)
2015-01-20 00:20:22.489004|INFO    |VirtualServer |  1| permission 'b_virtualserver_channelclient_permission_list'(id:158) with values (value:1, negated:0, skipchannel:0) was added by 'k1d'(id:4) to servergroup 'Male'(id:10)
2015-01-20 00:20:22.489364|INFO    |VirtualServer |  1| permission 'b_virtualserver_servergroup_create'(id:159) with values (value:1, negated:0, skipchannel:0) was added by 'k1d'(id:4) to servergroup 'Male'(id:10)
2015-01-20 00:20:22.489720|INFO    |VirtualServer |  1| permission 'b_virtualserver_channelgroup_create'(id:160) with values (value:1, negated:0, skipchannel:0) was added by 'k1d'(id:4) to servergroup 'Male'(id:10)
2015-01-20 00:21:34.526437|INFO    |VirtualServer |  1| permission 'i_icon_id'(id:142) with values (value:969820972, negated:0, skipchannel:0) was added by 'k1d'(id:4) to servergroup 'Male'(id:10)
2015-01-20 00:21:40.741365|INFO    |VirtualServer |  1| permission 'i_icon_id'(id:142) with values (value:1237766804, negated:0, skipchannel:0) was added by 'k1d'(id:4) to servergroup 'Female'(id:11)
2015-01-20 00:21:47.702769|INFO    |VirtualServer |  1| client (id:5) was added to servergroup 'Female'(id:11) by client 'k1d'(id:4)
2015-01-20 00:21:59.071913|INFO    |VirtualServer |  1| client (id:5) was removed from servergroup 'Member'(id:7) by client 'k1d'(id:4)
2015-01-20 00:22:31.779802|INFO    |VirtualServer |  1| client (id:5) was added to servergroup 'Male'(id:10) by client 'k1d'(id:4)
2015-01-20 00:22:40.408611|INFO    |VirtualServer |  1| client (id:5) was removed from servergroup 'Female'(id:11) by client 'k1d'(id:4)
2015-01-20 00:22:46.579553|INFO    |VirtualServer |  1| client (id:4) was added to servergroup 'Male'(id:10) by client 'k1d'(id:4)
2015-01-20 00:22:52.923575|INFO    |VirtualServer |  1| client (id:2) was added to servergroup 'Male'(id:10) by client 'k1d'(id:4)
2015-01-20 00:22:58.020254|INFO    |VirtualServer |  1| client (id:2) was removed from servergroup 'Member'(id:7) by client 'k1d'(id:4)
2015-01-20 00:23:07.541762|INFO    |VirtualServer |  1| client (id:4) was removed from servergroup 'Member'(id:7) by client 'k1d'(id:4)
2015-01-20 00:23:40.717898|INFO    |VirtualServer |  1| servergroup 'sa'(id:9) was renamed to 'ServerAdmin' by 'k1d'(id:4)
2015-01-20 00:24:06.310939|INFO    |VirtualServer |  1| permission 'i_icon_id'(id:142) with values (value:-2040682661, negated:0, skipchannel:0) was added by 'k1d'(id:4) to servergroup 'ServerAdmin'(id:9)
2015-01-20 00:25:50.245184|INFO    |VirtualServer |  1| servergroup 'Admin'(id:6) was renamed to 'Offizier' by 'k1d'(id:4)
2015-01-20 00:26:32.320132|INFO    |VirtualServer |  1| permission 'i_icon_id'(id:142) with values (value:-339138207, negated:0, skipchannel:0) was added by 'k1d'(id:4) to servergroup 'Offizier'(id:6)
2015-01-20 00:26:40.536034|INFO    |VirtualServer |  1| client (id:2) was added to servergroup 'Offizier'(id:6) by client 'k1d'(id:4)
2015-01-20 00:27:39.076695|INFO    |VirtualServer |  1| client (id:2) was removed from servergroup 'Offizier'(id:6) by client 'k1d'(id:4)
2015-01-20 00:28:47.692129|INFO    |VirtualServer |  1| permission 'b_client_is_priority_speaker'(id:177) with values (value:1) was added by 'k1d'(id:4) for client (id:4) and channel '&#9484; Lounge I'(id:21)
2015-01-20 00:28:52.422198|INFO    |VirtualServer |  1| permission 'b_client_is_priority_speaker'(id:177) was deleted by 'k1d'(id:4) for client (id:4) and channel '&#9484; Lounge I'(id:21)
2015-01-20 00:30:13.302857|INFO    |VirtualServer |  1| permission 'b_client_is_priority_speaker'(id:177) with values (value:1) was added by 'k1d'(id:4) for client (id:2) and channel '&#9484; Lounge I'(id:21)
2015-01-20 00:30:15.268631|INFO    |VirtualServer |  1| permission 'b_client_is_priority_speaker'(id:177) was deleted by 'k1d'(id:4) for client (id:2) and channel '&#9484; Lounge I'(id:21)
2015-01-20 00:36:08.310655|INFO    |VirtualServerBase|  1| stopped
